#
# A fatal error has been detected by the Java Runtime Environment:
#
#  EXCEPTION_ACCESS_VIOLATION (0xc0000005) at pc=0x00007ffeb3f79e5e, pid=15020, tid=2144
#
# JRE version: Java(TM) SE Runtime Environment (12.0.1+12) (build 12.0.1+12)
# Java VM: Java HotSpot(TM) 64-Bit Server VM (12.0.1+12, mixed mode, sharing, tiered, compressed oops, g1 gc, windows-amd64)
# Problematic frame:
# V  [jvm.dll+0x569e5e]
#
# No core dump will be written. Minidumps are not enabled by default on client versions of Windows
#
# If you would like to submit a bug report, please visit:
#   http://bugreport.java.com/bugreport/crash.jsp
#

---------------  S U M M A R Y ------------

Command Line: --add-modules=ALL-SYSTEM --add-opens=java.base/java.util=ALL-UNNAMED --add-opens=java.base/java.lang=ALL-UNNAMED -Declipse.application=org.eclipse.jdt.ls.core.id1 -Dosgi.bundles.defaultStartLevel=4 -Declipse.product=org.eclipse.jdt.ls.core.product -Dfile.encoding=utf8 -DwatchParentProcess=false -Xverify:none -Xmx1G -XX:+UseG1GC -XX:+UseStringDeduplication C:\Users\David\.vscode\extensions\redhat.java-0.46.0\server\plugins\org.eclipse.equinox.launcher_1.5.400.v20190515-0925.jar -configuration C:\Users\David\.vscode\extensions\redhat.java-0.46.0\server\config_win -data c:\Users\David\AppData\Roaming\Code\User\workspaceStorage\2fc82be198049699589b7629caac3acd\redhat.java\jdt_ws

Host: AMD FX(tm)-8350 Eight-Core Processor           , 8 cores, 7G,  Windows 10 , 64 bit Build 17134 (10.0.17134.753)
Time: Tue Jul  9 11:14:28 2019 Eastern Daylight Time elapsed time: 48832 seconds (0d 13h 33m 52s)

---------------  T H R E A D  ---------------

Current thread (0x0000014f5ae71800):  JavaThread "C2 CompilerThread0" daemon [_thread_in_native, id=2144, stack(0x0000003d3cb00000,0x0000003d3cc00000)]


Current CompileTask:
C2:48832324 26705   !   4       org.eclipse.jdt.internal.compiler.ast.TryStatement::generateCode (2188 bytes)

Stack: [0x0000003d3cb00000,0x0000003d3cc00000],  sp=0x0000003d3cbfb8c0,  free space=1006k
Native frames: (J=compiled Java code, j=interpreted, Vv=VM code, C=native code)
V  [jvm.dll+0x569e5e]
V  [jvm.dll+0x6902f9]
V  [jvm.dll+0x1aeef0]
V  [jvm.dll+0x21c142]
V  [jvm.dll+0x21b20a]
V  [jvm.dll+0x199890]
V  [jvm.dll+0x22a534]
V  [jvm.dll+0x228b88]
V  [jvm.dll+0x74f660]
V  [jvm.dll+0x748648]
V  [jvm.dll+0x638566]
C  [ucrtbase.dll+0x1e3fe]
C  [KERNEL32.DLL+0x14034]
C  [ntdll.dll+0x73691]


siginfo: EXCEPTION_ACCESS_VIOLATION (0xc0000005), reading address 0x00007f7eb41f7d90


Register to memory mapping:

RIP=0x00007ffeb3f79e5e jvm.dll
RAX=0x00007f7eb41f7cd8 is an unknown value
RBX=0x0000014f6b3e0e50 points into unknown readable memory: d8 7c 1f b4 7e 7f 00 00
RCX=0x0000014f6b3e0e50 points into unknown readable memory: d8 7c 1f b4 7e 7f 00 00
RDX=0x000000000000067b is an unknown value
RSP=0x0000003d3cbfb8c0 is pointing into the stack for thread: 0x0000014f5ae71800
RBP=0x0000003d3cbfb9f0 is pointing into the stack for thread: 0x0000014f5ae71800
RSI=0x0 is NULL
RDI=0x0000014f5be60dc0 points into unknown readable memory: 01 46 4a b4 fe 7f 00 00
R8 =0x0000014f5ae71800 is a thread
R9 =0x0000014f5be5c070 points into unknown readable memory: 90 0d e6 5b 4f 01 00 00
R10=0x0 is NULL
R11=0x0000003d3cbfc160 is pointing into the stack for thread: 0x0000014f5ae71800
R12=0x0000000000040ce0 is an unknown value
R13=0x0 is NULL
R14=0x0000014f5be60db0 points into unknown readable memory: 00 00 00 00 00 00 00 00
R15=0x0000014f5be5e6f0 points into unknown readable memory: a0 0d e6 5b 4f 01 00 00


Registers:
RAX=0x00007f7eb41f7cd8, RBX=0x0000014f6b3e0e50, RCX=0x0000014f6b3e0e50, RDX=0x000000000000067b
RSP=0x0000003d3cbfb8c0, RBP=0x0000003d3cbfb9f0, RSI=0x0000000000000000, RDI=0x0000014f5be60dc0
R8 =0x0000014f5ae71800, R9 =0x0000014f5be5c070, R10=0x0000000000000000, R11=0x0000003d3cbfc160
R12=0x0000000000040ce0, R13=0x0000000000000000, R14=0x0000014f5be60db0, R15=0x0000014f5be5e6f0
RIP=0x00007ffeb3f79e5e, EFLAGS=0x0000000000010283

Top of Stack: (sp=0x0000003d3cbfb8c0)
0x0000003d3cbfb8c0:   0000003d3cbfbea0 0000003d3cbfbea0
0x0000003d3cbfb8d0:   0000000000000010 0000000000007fd8
0x0000003d3cbfb8e0:   0000000000000000 00007ffeb40a02f9
0x0000003d3cbfb8f0:   0000000000000001 0000003d3cbfbea0
0x0000003d3cbfb900:   0000000000000195 0000014f60246b00
0x0000003d3cbfb910:   0000014f60ade690 0000003d00000002
0x0000003d3cbfb920:   0000014f69915e40 00007ffeb3ad599c
0x0000003d3cbfb930:   0000014f3c7aec20 0000000000000101
0x0000003d3cbfb940:   0000014f6a7290f0 00000000000033c0
0x0000003d3cbfb950:   0000014f6b4468e0 0000014f5bec8358
0x0000003d3cbfb960:   0000014f0000067b 0000014f60a8e030
0x0000003d3cbfb970:   0000000000000001 0000014f5be60db0
0x0000003d3cbfb980:   0000014f5be5c070 0000000000000000
0x0000003d3cbfb990:   0000014f5be60dc0 0000014f5be60d70
0x0000003d3cbfb9a0:   0000014f5be5e6f0 00001cdc00000000
0x0000003d3cbfb9b0:   0000003d3cbfbea0 00007ffe00000013 

Instructions: (pc=0x00007ffeb3f79e5e)
0x00007ffeb3f79e3e:   cc cc 40 53 48 83 ec 20 0f b6 41 2c 48 8b d9 24
0x00007ffeb3f79e4e:   3f 3c 22 75 08 b0 01 48 83 c4 20 5b c3 48 8b 01
0x00007ffeb3f79e5e:   ff 90 b8 00 00 00 3b 05 16 4e 36 00 72 18 3b 05
0x00007ffeb3f79e6e:   12 4e 36 00 73 10 48 8b 03 48 8b cb ff 90 e8 00 


Stack slot to memory mapping:
stack at sp + 0 slots: 0x0000003d3cbfbea0 is pointing into the stack for thread: 0x0000014f5ae71800
stack at sp + 1 slots: 0x0000003d3cbfbea0 is pointing into the stack for thread: 0x0000014f5ae71800
stack at sp + 2 slots: 0x0000000000000010 is an unknown value
stack at sp + 3 slots: 0x0000000000007fd8 is an unknown value
stack at sp + 4 slots: 0x0 is NULL
stack at sp + 5 slots: 0x00007ffeb40a02f9 jvm.dll
stack at sp + 6 slots: 0x0000000000000001 is an unknown value
stack at sp + 7 slots: 0x0000003d3cbfbea0 is pointing into the stack for thread: 0x0000014f5ae71800


---------------  P R O C E S S  ---------------

Threads class SMR info:
_java_thread_list=0x0000014f6b5d79d0, length=38, elements={
0x0000014f3c7bd800, 0x0000014f5ae4c000, 0x0000014f5ae4e000, 0x0000014f5ae6b800,
0x0000014f5ae6d800, 0x0000014f5ae71800, 0x0000014f5ae7a000, 0x0000014f5aea9800,
0x0000014f5ae34000, 0x0000014f5b977000, 0x0000014f5be80800, 0x0000014f5c8ee000,
0x0000014f5bee1000, 0x0000014f5d6f9800, 0x0000014f5bb0c800, 0x0000014f5d590800,
0x0000014f5ea0d000, 0x0000014f6a03c800, 0x0000014f6a041800, 0x0000014f6a03f800,
0x0000014f6a03d000, 0x0000014f6ef0c000, 0x0000014f5ba48000, 0x0000014f6a040800,
0x0000014f6a043000, 0x0000014f6a042000, 0x0000014f6a03e000, 0x0000014f6a03f000,
0x0000014f6a045800, 0x0000014f6a044800, 0x0000014f6ef08000, 0x0000014f6ef09000,
0x0000014f6ef11000, 0x0000014f5ba45800, 0x0000014f5ba46000, 0x0000014f6a049800,
0x0000014f6a048000, 0x0000014f6a04a800
}

Java Threads: ( => current thread )
  0x0000014f3c7bd800 JavaThread "main" [_thread_blocked, id=2096, stack(0x0000003d3bf00000,0x0000003d3c000000)]
  0x0000014f5ae4c000 JavaThread "Reference Handler" daemon [_thread_blocked, id=11328, stack(0x0000003d3c700000,0x0000003d3c800000)]
  0x0000014f5ae4e000 JavaThread "Finalizer" daemon [_thread_blocked, id=9260, stack(0x0000003d3c800000,0x0000003d3c900000)]
  0x0000014f5ae6b800 JavaThread "Signal Dispatcher" daemon [_thread_blocked, id=2428, stack(0x0000003d3c900000,0x0000003d3ca00000)]
  0x0000014f5ae6d800 JavaThread "Attach Listener" daemon [_thread_blocked, id=8180, stack(0x0000003d3ca00000,0x0000003d3cb00000)]
=>0x0000014f5ae71800 JavaThread "C2 CompilerThread0" daemon [_thread_in_native, id=2144, stack(0x0000003d3cb00000,0x0000003d3cc00000)]
  0x0000014f5ae7a000 JavaThread "C1 CompilerThread0" daemon [_thread_blocked, id=7564, stack(0x0000003d3cc00000,0x0000003d3cd00000)]
  0x0000014f5aea9800 JavaThread "Sweeper thread" daemon [_thread_blocked, id=3052, stack(0x0000003d3cd00000,0x0000003d3ce00000)]
  0x0000014f5ae34000 JavaThread "Common-Cleaner" daemon [_thread_blocked, id=4344, stack(0x0000003d3ce00000,0x0000003d3cf00000)]
  0x0000014f5b977000 JavaThread "Service Thread" daemon [_thread_blocked, id=8564, stack(0x0000003d3d000000,0x0000003d3d100000)]
  0x0000014f5be80800 JavaThread "Active Thread: Equinox Container: 14c803f3-2314-4b9f-aeae-caa062871b58" [_thread_blocked, id=12684, stack(0x0000003d3d300000,0x0000003d3d400000)]
  0x0000014f5c8ee000 JavaThread "Framework Event Dispatcher: Equinox Container: 14c803f3-2314-4b9f-aeae-caa062871b58" daemon [_thread_blocked, id=13060, stack(0x0000003d3d400000,0x0000003d3d500000)]
  0x0000014f5bee1000 JavaThread "Start Level: Equinox Container: 14c803f3-2314-4b9f-aeae-caa062871b58" daemon [_thread_blocked, id=9712, stack(0x0000003d3d500000,0x0000003d3d600000)]
  0x0000014f5d6f9800 JavaThread "Worker-JM" [_thread_blocked, id=2416, stack(0x0000003d3d900000,0x0000003d3da00000)]
  0x0000014f5bb0c800 JavaThread "Java indexing" daemon [_thread_blocked, id=2968, stack(0x0000003d3d200000,0x0000003d3d300000)]
  0x0000014f5d590800 JavaThread "Bundle File Closer" daemon [_thread_blocked, id=4388, stack(0x0000003d3dc00000,0x0000003d3dd00000)]
  0x0000014f5ea0d000 JavaThread "pool-1-thread-1" [_thread_in_native, id=5584, stack(0x0000003d3e300000,0x0000003d3e400000)]
  0x0000014f6a03c800 JavaThread "Java Debug Server" daemon [_thread_in_native, id=5680, stack(0x0000003d3cf00000,0x0000003d3d000000)]
  0x0000014f6a041800 JavaThread "RxSchedulerPurge-1" daemon [_thread_blocked, id=2220, stack(0x0000003d3e900000,0x0000003d3ea00000)]
  0x0000014f6a03f800 JavaThread "RxCachedWorkerPoolEvictor-1" daemon [_thread_blocked, id=11244, stack(0x0000003d3f200000,0x0000003d3f300000)]
  0x0000014f6a03d000 JavaThread "ForkJoinPool.commonPool-worker-13" daemon [_thread_blocked, id=4412, stack(0x0000003d3be00000,0x0000003d3bf00000)]
  0x0000014f6ef0c000 JavaThread "Worker-60" [_thread_blocked, id=14612, stack(0x0000003d3e600000,0x0000003d3e700000)]
  0x0000014f5ba48000 JavaThread "Worker-62" [_thread_blocked, id=14588, stack(0x0000003d3e400000,0x0000003d3e500000)]
  0x0000014f6a040800 JavaThread "ForkJoinPool.commonPool-worker-7" daemon [_thread_blocked, id=12328, stack(0x0000003d3bb00000,0x0000003d3bc00000)]
  0x0000014f6a043000 JavaThread "ForkJoinPool.commonPool-worker-11" daemon [_thread_blocked, id=14888, stack(0x0000003d3bd00000,0x0000003d3be00000)]
  0x0000014f6a042000 JavaThread "ForkJoinPool.commonPool-worker-15" daemon [_thread_blocked, id=6864, stack(0x0000003d3da00000,0x0000003d3db00000)]
  0x0000014f6a03e000 JavaThread "ForkJoinPool.commonPool-worker-1" daemon [_thread_blocked, id=12116, stack(0x0000003d3db00000,0x0000003d3dc00000)]
  0x0000014f6a03f000 JavaThread "ForkJoinPool.commonPool-worker-3" daemon [_thread_blocked, id=10592, stack(0x0000003d3e500000,0x0000003d3e600000)]
  0x0000014f6a045800 JavaThread "ForkJoinPool.commonPool-worker-5" daemon [_thread_blocked, id=9728, stack(0x0000003d3e700000,0x0000003d3e800000)]
  0x0000014f6a044800 JavaThread "Worker-69" [_thread_blocked, id=6516, stack(0x0000003d3ef00000,0x0000003d3f000000)]
  0x0000014f6ef08000 JavaThread "Worker-70" [_thread_blocked, id=6824, stack(0x0000003d3ee00000,0x0000003d3ef00000)]
  0x0000014f6ef09000 JavaThread "Worker-71" [_thread_blocked, id=5772, stack(0x0000003d3f300000,0x0000003d3f400000)]
  0x0000014f6ef11000 JavaThread "Worker-72" [_thread_blocked, id=2092, stack(0x0000003d3f400000,0x0000003d3f500000)]
  0x0000014f5ba45800 JavaThread "Worker-73" [_thread_blocked, id=12188, stack(0x0000003d40300000,0x0000003d40400000)]
  0x0000014f5ba46000 JavaThread "Worker-74" [_thread_blocked, id=10904, stack(0x0000003d3bc00000,0x0000003d3bd00000)]
  0x0000014f6a049800 JavaThread "Worker-75" [_thread_blocked, id=14140, stack(0x0000003d3e800000,0x0000003d3e900000)]
  0x0000014f6a048000 JavaThread "pool-537-thread-1" [_thread_blocked, id=3284, stack(0x0000003d3dd00000,0x0000003d3de00000)]
  0x0000014f6a04a800 JavaThread "pool-538-thread-1" [_thread_blocked, id=8516, stack(0x0000003d3ea00000,0x0000003d3eb00000)]

Other Threads:
  0x0000014f5ae49800 VMThread "VM Thread" [stack: 0x0000003d3c600000,0x0000003d3c700000] [id=15040]
  0x0000014f5b947000 WatcherThread [stack: 0x0000003d3d100000,0x0000003d3d200000] [id=7776]
  0x0000014f3c7ea000 GCTaskThread "GC Thread#0" [stack: 0x0000003d3c000000,0x0000003d3c100000] [id=5364]
  0x0000014f5cd37000 GCTaskThread "GC Thread#1" [stack: 0x0000003d3d600000,0x0000003d3d700000] [id=12896]
  0x0000014f5bdfa800 GCTaskThread "GC Thread#2" [stack: 0x0000003d3d700000,0x0000003d3d800000] [id=7104]
  0x0000014f5c250800 GCTaskThread "GC Thread#3" [stack: 0x0000003d3d800000,0x0000003d3d900000] [id=3528]
  0x0000014f5d782800 GCTaskThread "GC Thread#4" [stack: 0x0000003d3de00000,0x0000003d3df00000] [id=9908]
  0x0000014f5deae000 GCTaskThread "GC Thread#5" [stack: 0x0000003d3df00000,0x0000003d3e000000] [id=3152]
  0x0000014f5ce00800 GCTaskThread "GC Thread#6" [stack: 0x0000003d3e000000,0x0000003d3e100000] [id=10828]
  0x0000014f5df54000 GCTaskThread "GC Thread#7" [stack: 0x0000003d3e100000,0x0000003d3e200000] [id=10656]
  0x0000014f3c7f2800 ConcurrentGCThread "G1 Main Marker" [stack: 0x0000003d3c100000,0x0000003d3c200000] [id=13848]
  0x0000014f3c7f6800 ConcurrentGCThread "G1 Conc#0" [stack: 0x0000003d3c200000,0x0000003d3c300000] [id=13052]
  0x0000014f5d04c800 ConcurrentGCThread "G1 Conc#1" [stack: 0x0000003d3e200000,0x0000003d3e300000] [id=4456]
  0x0000014f3c883800 ConcurrentGCThread "G1 Refine#0" [stack: 0x0000003d3c300000,0x0000003d3c400000] [id=8264]
  0x0000014f60679800 ConcurrentGCThread "G1 Refine#1" [stack: 0x0000003d3ec00000,0x0000003d3ed00000] [id=1980]
  0x0000014f5e54b800 ConcurrentGCThread "G1 Refine#2" [stack: 0x0000003d3f000000,0x0000003d3f100000] [id=14320]
  0x0000014f6a199800 ConcurrentGCThread "G1 Refine#3" [stack: 0x0000003d3f100000,0x0000003d3f200000] [id=9928]
  0x0000014f3c884800 ConcurrentGCThread "G1 Young RemSet Sampling" [stack: 0x0000003d3c400000,0x0000003d3c500000] [id=14456]
  0x0000014f3c88a800 ConcurrentGCThread "StrDedup" [stack: 0x0000003d3c500000,0x0000003d3c600000] [id=13600]

Threads with active compile tasks:
C2 CompilerThread0  26705   !   4       org.eclipse.jdt.internal.compiler.ast.TryStatement::generateCode (2188 bytes)

VM state:not at safepoint (normal execution)

VM Mutex/Monitor currently owned by a thread: None

Heap address: 0x00000000c0000000, size: 1024 MB, Compressed Oops mode: 32-bit
Narrow klass base: 0x0000000800000000, Narrow klass shift: 3
Compressed class space size: 1073741824 Address: 0x00000008011a0000

Heap:
 garbage-first heap   total 368640K, used 181053K [0x00000000c0000000, 0x0000000100000000)
  region size 1024K, 71 young (72704K), 1 survivors (1024K)
 Metaspace       used 74520K, capacity 77627K, committed 77744K, reserved 1120256K
  class space    used 6718K, capacity 7913K, committed 7936K, reserved 1048576K
Heap Regions: E=young(eden), S=young(survivor), O=old, HS=humongous(starts), HC=humongous(continues), CS=collection set, F=free, A=archive, TAMS=top-at-mark-start (previous, next)
|   0|0x00000000c0000000, 0x00000000c0100000, 0x00000000c0100000|100%| O|  |TAMS 0x00000000c0100000, 0x00000000c0000000| Untracked 
|   1|0x00000000c0100000, 0x00000000c0200000, 0x00000000c0200000|100%|HS|  |TAMS 0x00000000c0200000, 0x00000000c0100000| Complete 
|   2|0x00000000c0200000, 0x00000000c0300000, 0x00000000c0300000|100%| O|  |TAMS 0x00000000c0300000, 0x00000000c0200000| Untracked 
|   3|0x00000000c0300000, 0x00000000c0400000, 0x00000000c0400000|100%| O|  |TAMS 0x00000000c0400000, 0x00000000c0300000| Untracked 
|   4|0x00000000c0400000, 0x00000000c0500000, 0x00000000c0500000|100%| O|  |TAMS 0x00000000c0500000, 0x00000000c0400000| Untracked 
|   5|0x00000000c0500000, 0x00000000c0600000, 0x00000000c0600000|100%| O|  |TAMS 0x00000000c0600000, 0x00000000c0500000| Untracked 
|   6|0x00000000c0600000, 0x00000000c0700000, 0x00000000c0700000|100%| O|  |TAMS 0x00000000c0700000, 0x00000000c0600000| Untracked 
|   7|0x00000000c0700000, 0x00000000c0800000, 0x00000000c0800000|100%| O|  |TAMS 0x00000000c0800000, 0x00000000c0700000| Untracked 
|   8|0x00000000c0800000, 0x00000000c0900000, 0x00000000c0900000|100%| O|  |TAMS 0x00000000c0900000, 0x00000000c0800000| Untracked 
|   9|0x00000000c0900000, 0x00000000c0a00000, 0x00000000c0a00000|100%| O|  |TAMS 0x00000000c0a00000, 0x00000000c0900000| Untracked 
|  10|0x00000000c0a00000, 0x00000000c0b00000, 0x00000000c0b00000|100%| O|  |TAMS 0x00000000c0b00000, 0x00000000c0a00000| Untracked 
|  11|0x00000000c0b00000, 0x00000000c0c00000, 0x00000000c0c00000|100%| O|  |TAMS 0x00000000c0c00000, 0x00000000c0b00000| Untracked 
|  12|0x00000000c0c00000, 0x00000000c0d00000, 0x00000000c0d00000|100%| O|  |TAMS 0x00000000c0d00000, 0x00000000c0c00000| Untracked 
|  13|0x00000000c0d00000, 0x00000000c0e00000, 0x00000000c0e00000|100%| O|  |TAMS 0x00000000c0e00000, 0x00000000c0d00000| Untracked 
|  14|0x00000000c0e00000, 0x00000000c0f00000, 0x00000000c0f00000|100%| O|  |TAMS 0x00000000c0f00000, 0x00000000c0e00000| Untracked 
|  15|0x00000000c0f00000, 0x00000000c1000000, 0x00000000c1000000|100%| O|  |TAMS 0x00000000c1000000, 0x00000000c0f00000| Untracked 
|  16|0x00000000c1000000, 0x00000000c1100000, 0x00000000c1100000|100%| O|  |TAMS 0x00000000c1100000, 0x00000000c1000000| Untracked 
|  17|0x00000000c1100000, 0x00000000c1200000, 0x00000000c1200000|100%| O|  |TAMS 0x00000000c1200000, 0x00000000c1100000| Untracked 
|  18|0x00000000c1200000, 0x00000000c1300000, 0x00000000c1300000|100%| O|  |TAMS 0x00000000c1300000, 0x00000000c1200000| Untracked 
|  19|0x00000000c1300000, 0x00000000c1400000, 0x00000000c1400000|100%| O|  |TAMS 0x00000000c1400000, 0x00000000c1300000| Untracked 
|  20|0x00000000c1400000, 0x00000000c1500000, 0x00000000c1500000|100%| O|  |TAMS 0x00000000c1500000, 0x00000000c1400000| Untracked 
|  21|0x00000000c1500000, 0x00000000c1600000, 0x00000000c1600000|100%| O|  |TAMS 0x00000000c1600000, 0x00000000c1500000| Untracked 
|  22|0x00000000c1600000, 0x00000000c1700000, 0x00000000c1700000|100%| O|  |TAMS 0x00000000c1700000, 0x00000000c1600000| Untracked 
|  23|0x00000000c1700000, 0x00000000c1800000, 0x00000000c1800000|100%| O|  |TAMS 0x00000000c1800000, 0x00000000c1700000| Untracked 
|  24|0x00000000c1800000, 0x00000000c1900000, 0x00000000c1900000|100%| O|  |TAMS 0x00000000c1900000, 0x00000000c1800000| Untracked 
|  25|0x00000000c1900000, 0x00000000c1a00000, 0x00000000c1a00000|100%| O|  |TAMS 0x00000000c1a00000, 0x00000000c1900000| Untracked 
|  26|0x00000000c1a00000, 0x00000000c1b00000, 0x00000000c1b00000|100%| O|  |TAMS 0x00000000c1b00000, 0x00000000c1a00000| Untracked 
|  27|0x00000000c1b00000, 0x00000000c1c00000, 0x00000000c1c00000|100%| O|  |TAMS 0x00000000c1c00000, 0x00000000c1b00000| Untracked 
|  28|0x00000000c1c00000, 0x00000000c1d00000, 0x00000000c1d00000|100%| O|  |TAMS 0x00000000c1d00000, 0x00000000c1c00000| Untracked 
|  29|0x00000000c1d00000, 0x00000000c1e00000, 0x00000000c1e00000|100%| O|  |TAMS 0x00000000c1e00000, 0x00000000c1d00000| Untracked 
|  30|0x00000000c1e00000, 0x00000000c1f00000, 0x00000000c1f00000|100%| O|  |TAMS 0x00000000c1f00000, 0x00000000c1e00000| Untracked 
|  31|0x00000000c1f00000, 0x00000000c2000000, 0x00000000c2000000|100%| O|  |TAMS 0x00000000c2000000, 0x00000000c1f00000| Untracked 
|  32|0x00000000c2000000, 0x00000000c2100000, 0x00000000c2100000|100%| O|  |TAMS 0x00000000c2100000, 0x00000000c2000000| Untracked 
|  33|0x00000000c2100000, 0x00000000c2200000, 0x00000000c2200000|100%| O|  |TAMS 0x00000000c2200000, 0x00000000c2100000| Untracked 
|  34|0x00000000c2200000, 0x00000000c2300000, 0x00000000c2300000|100%| O|  |TAMS 0x00000000c2300000, 0x00000000c2200000| Untracked 
|  35|0x00000000c2300000, 0x00000000c2400000, 0x00000000c2400000|100%| O|  |TAMS 0x00000000c2400000, 0x00000000c2300000| Untracked 
|  36|0x00000000c2400000, 0x00000000c2500000, 0x00000000c2500000|100%| O|  |TAMS 0x00000000c2500000, 0x00000000c2400000| Untracked 
|  37|0x00000000c2500000, 0x00000000c2600000, 0x00000000c2600000|100%| O|  |TAMS 0x00000000c2600000, 0x00000000c2500000| Untracked 
|  38|0x00000000c2600000, 0x00000000c2700000, 0x00000000c2700000|100%| O|  |TAMS 0x00000000c2700000, 0x00000000c2600000| Untracked 
|  39|0x00000000c2700000, 0x00000000c2800000, 0x00000000c2800000|100%| O|  |TAMS 0x00000000c2800000, 0x00000000c2700000| Untracked 
|  40|0x00000000c2800000, 0x00000000c2900000, 0x00000000c2900000|100%| O|  |TAMS 0x00000000c2900000, 0x00000000c2800000| Untracked 
|  41|0x00000000c2900000, 0x00000000c2a00000, 0x00000000c2a00000|100%| O|  |TAMS 0x00000000c2a00000, 0x00000000c2900000| Untracked 
|  42|0x00000000c2a00000, 0x00000000c2b00000, 0x00000000c2b00000|100%| O|  |TAMS 0x00000000c2b00000, 0x00000000c2a00000| Untracked 
|  43|0x00000000c2b00000, 0x00000000c2c00000, 0x00000000c2c00000|100%| O|  |TAMS 0x00000000c2c00000, 0x00000000c2b00000| Untracked 
|  44|0x00000000c2c00000, 0x00000000c2c00000, 0x00000000c2d00000|  0%| F|  |TAMS 0x00000000c2c00000, 0x00000000c2c00000| Untracked 
|  45|0x00000000c2d00000, 0x00000000c2e00000, 0x00000000c2e00000|100%| O|  |TAMS 0x00000000c2e00000, 0x00000000c2d00000| Untracked 
|  46|0x00000000c2e00000, 0x00000000c2f00000, 0x00000000c2f00000|100%| O|  |TAMS 0x00000000c2f00000, 0x00000000c2e00000| Untracked 
|  47|0x00000000c2f00000, 0x00000000c3000000, 0x00000000c3000000|100%| O|  |TAMS 0x00000000c3000000, 0x00000000c2f00000| Untracked 
|  48|0x00000000c3000000, 0x00000000c3100000, 0x00000000c3100000|100%| O|  |TAMS 0x00000000c3100000, 0x00000000c3000000| Untracked 
|  49|0x00000000c3100000, 0x00000000c3200000, 0x00000000c3200000|100%| O|  |TAMS 0x00000000c3200000, 0x00000000c3100000| Untracked 
|  50|0x00000000c3200000, 0x00000000c3300000, 0x00000000c3300000|100%| O|  |TAMS 0x00000000c3300000, 0x00000000c3200000| Untracked 
|  51|0x00000000c3300000, 0x00000000c3400000, 0x00000000c3400000|100%| O|  |TAMS 0x00000000c3400000, 0x00000000c3300000| Untracked 
|  52|0x00000000c3400000, 0x00000000c3500000, 0x00000000c3500000|100%| O|  |TAMS 0x00000000c3500000, 0x00000000c3400000| Untracked 
|  53|0x00000000c3500000, 0x00000000c3600000, 0x00000000c3600000|100%| O|  |TAMS 0x00000000c3600000, 0x00000000c3500000| Untracked 
|  54|0x00000000c3600000, 0x00000000c3700000, 0x00000000c3700000|100%| O|  |TAMS 0x00000000c3700000, 0x00000000c3600000| Untracked 
|  55|0x00000000c3700000, 0x00000000c3800000, 0x00000000c3800000|100%| O|  |TAMS 0x00000000c3700000, 0x00000000c3700000| Untracked 
|  56|0x00000000c3800000, 0x00000000c3800000, 0x00000000c3900000|  0%| F|  |TAMS 0x00000000c3800000, 0x00000000c3800000| Untracked 
|  57|0x00000000c3900000, 0x00000000c3a00000, 0x00000000c3a00000|100%| O|  |TAMS 0x00000000c3a00000, 0x00000000c3900000| Untracked 
|  58|0x00000000c3a00000, 0x00000000c3b00000, 0x00000000c3b00000|100%| O|  |TAMS 0x00000000c3b00000, 0x00000000c3a00000| Untracked 
|  59|0x00000000c3b00000, 0x00000000c3c00000, 0x00000000c3c00000|100%| O|  |TAMS 0x00000000c3c00000, 0x00000000c3b00000| Untracked 
|  60|0x00000000c3c00000, 0x00000000c3d00000, 0x00000000c3d00000|100%| O|  |TAMS 0x00000000c3d00000, 0x00000000c3c00000| Untracked 
|  61|0x00000000c3d00000, 0x00000000c3e00000, 0x00000000c3e00000|100%| O|  |TAMS 0x00000000c3e00000, 0x00000000c3d00000| Untracked 
|  62|0x00000000c3e00000, 0x00000000c3f00000, 0x00000000c3f00000|100%| O|  |TAMS 0x00000000c3f00000, 0x00000000c3e00000| Untracked 
|  63|0x00000000c3f00000, 0x00000000c4000000, 0x00000000c4000000|100%| O|  |TAMS 0x00000000c3f00000, 0x00000000c3f00000| Untracked 
|  64|0x00000000c4000000, 0x00000000c4100000, 0x00000000c4100000|100%| O|  |TAMS 0x00000000c4100000, 0x00000000c4000000| Untracked 
|  65|0x00000000c4100000, 0x00000000c4100000, 0x00000000c4200000|  0%| F|  |TAMS 0x00000000c4100000, 0x00000000c4100000| Untracked 
|  66|0x00000000c4200000, 0x00000000c4300000, 0x00000000c4300000|100%| O|  |TAMS 0x00000000c4300000, 0x00000000c4200000| Untracked 
|  67|0x00000000c4300000, 0x00000000c4400000, 0x00000000c4400000|100%| O|  |TAMS 0x00000000c4400000, 0x00000000c4300000| Untracked 
|  68|0x00000000c4400000, 0x00000000c4500000, 0x00000000c4500000|100%| O|  |TAMS 0x00000000c4500000, 0x00000000c4400000| Untracked 
|  69|0x00000000c4500000, 0x00000000c4600000, 0x00000000c4600000|100%| O|  |TAMS 0x00000000c4600000, 0x00000000c4500000| Untracked 
|  70|0x00000000c4600000, 0x00000000c4700000, 0x00000000c4700000|100%| O|  |TAMS 0x00000000c4700000, 0x00000000c4600000| Untracked 
|  71|0x00000000c4700000, 0x00000000c4800000, 0x00000000c4800000|100%| O|  |TAMS 0x00000000c4800000, 0x00000000c4700000| Untracked 
|  72|0x00000000c4800000, 0x00000000c4900000, 0x00000000c4900000|100%| O|  |TAMS 0x00000000c4900000, 0x00000000c4800000| Untracked 
|  73|0x00000000c4900000, 0x00000000c4a00000, 0x00000000c4a00000|100%| O|  |TAMS 0x00000000c4a00000, 0x00000000c4900000| Untracked 
|  74|0x00000000c4a00000, 0x00000000c4b00000, 0x00000000c4b00000|100%| O|  |TAMS 0x00000000c4b00000, 0x00000000c4a00000| Untracked 
|  75|0x00000000c4b00000, 0x00000000c4bf3a00, 0x00000000c4c00000| 95%| O|  |TAMS 0x00000000c4bf3a00, 0x00000000c4b00000| Untracked 
|  76|0x00000000c4c00000, 0x00000000c4d00000, 0x00000000c4d00000|100%| O|  |TAMS 0x00000000c4d00000, 0x00000000c4c00000| Untracked 
|  77|0x00000000c4d00000, 0x00000000c4e00000, 0x00000000c4e00000|100%| O|  |TAMS 0x00000000c4e00000, 0x00000000c4d00000| Untracked 
|  78|0x00000000c4e00000, 0x00000000c4f00000, 0x00000000c4f00000|100%| O|  |TAMS 0x00000000c4f00000, 0x00000000c4e00000| Untracked 
|  79|0x00000000c4f00000, 0x00000000c5000000, 0x00000000c5000000|100%| O|  |TAMS 0x00000000c5000000, 0x00000000c4f00000| Untracked 
|  80|0x00000000c5000000, 0x00000000c5100000, 0x00000000c5100000|100%| O|  |TAMS 0x00000000c5100000, 0x00000000c5000000| Untracked 
|  81|0x00000000c5100000, 0x00000000c5200000, 0x00000000c5200000|100%| O|  |TAMS 0x00000000c5100000, 0x00000000c5100000| Untracked 
|  82|0x00000000c5200000, 0x00000000c5300000, 0x00000000c5300000|100%| O|  |TAMS 0x00000000c5300000, 0x00000000c5200000| Untracked 
|  83|0x00000000c5300000, 0x00000000c5400000, 0x00000000c5400000|100%| O|  |TAMS 0x00000000c5400000, 0x00000000c5300000| Untracked 
|  84|0x00000000c5400000, 0x00000000c5500000, 0x00000000c5500000|100%| O|  |TAMS 0x00000000c5500000, 0x00000000c5400000| Untracked 
|  85|0x00000000c5500000, 0x00000000c5600000, 0x00000000c5600000|100%| O|  |TAMS 0x00000000c5600000, 0x00000000c5500000| Untracked 
|  86|0x00000000c5600000, 0x00000000c5700000, 0x00000000c5700000|100%| O|  |TAMS 0x00000000c5700000, 0x00000000c5600000| Untracked 
|  87|0x00000000c5700000, 0x00000000c5800000, 0x00000000c5800000|100%| O|  |TAMS 0x00000000c5800000, 0x00000000c5700000| Untracked 
|  88|0x00000000c5800000, 0x00000000c5900000, 0x00000000c5900000|100%| O|  |TAMS 0x00000000c5900000, 0x00000000c5800000| Untracked 
|  89|0x00000000c5900000, 0x00000000c5a00000, 0x00000000c5a00000|100%| O|  |TAMS 0x00000000c5900000, 0x00000000c5900000| Untracked 
|  90|0x00000000c5a00000, 0x00000000c5b00000, 0x00000000c5b00000|100%| O|  |TAMS 0x00000000c5b00000, 0x00000000c5a00000| Untracked 
|  91|0x00000000c5b00000, 0x00000000c5c00000, 0x00000000c5c00000|100%| O|  |TAMS 0x00000000c5c00000, 0x00000000c5b00000| Untracked 
|  92|0x00000000c5c00000, 0x00000000c5d00000, 0x00000000c5d00000|100%| O|  |TAMS 0x00000000c5d00000, 0x00000000c5c00000| Untracked 
|  93|0x00000000c5d00000, 0x00000000c5e00000, 0x00000000c5e00000|100%| O|  |TAMS 0x00000000c5e00000, 0x00000000c5d00000| Untracked 
|  94|0x00000000c5e00000, 0x00000000c5f00000, 0x00000000c5f00000|100%| O|  |TAMS 0x00000000c5f00000, 0x00000000c5e00000| Untracked 
|  95|0x00000000c5f00000, 0x00000000c6000000, 0x00000000c6000000|100%| O|  |TAMS 0x00000000c6000000, 0x00000000c5f00000| Untracked 
|  96|0x00000000c6000000, 0x00000000c6100000, 0x00000000c6100000|100%| O|  |TAMS 0x00000000c6100000, 0x00000000c6000000| Untracked 
|  97|0x00000000c6100000, 0x00000000c6200000, 0x00000000c6200000|100%| O|  |TAMS 0x00000000c6200000, 0x00000000c6100000| Untracked 
|  98|0x00000000c6200000, 0x00000000c6300000, 0x00000000c6300000|100%| O|  |TAMS 0x00000000c6300000, 0x00000000c6200000| Untracked 
|  99|0x00000000c6300000, 0x00000000c6400000, 0x00000000c6400000|100%|HS|  |TAMS 0x00000000c6400000, 0x00000000c6300000| Complete 
| 100|0x00000000c6400000, 0x00000000c6500000, 0x00000000c6500000|100%| O|  |TAMS 0x00000000c6500000, 0x00000000c6400000| Untracked 
| 101|0x00000000c6500000, 0x00000000c6600000, 0x00000000c6600000|100%| O|  |TAMS 0x00000000c6600000, 0x00000000c6500000| Untracked 
| 102|0x00000000c6600000, 0x00000000c66dbc00, 0x00000000c6700000| 85%| O|  |TAMS 0x00000000c6600000, 0x00000000c6600000| Untracked 
| 103|0x00000000c6700000, 0x00000000c6700000, 0x00000000c6800000|  0%| F|  |TAMS 0x00000000c6700000, 0x00000000c6700000| Untracked 
| 104|0x00000000c6800000, 0x00000000c6800000, 0x00000000c6900000|  0%| F|  |TAMS 0x00000000c6800000, 0x00000000c6800000| Untracked 
| 105|0x00000000c6900000, 0x00000000c6900000, 0x00000000c6a00000|  0%| F|  |TAMS 0x00000000c6900000, 0x00000000c6900000| Untracked 
| 106|0x00000000c6a00000, 0x00000000c6a00000, 0x00000000c6b00000|  0%| F|  |TAMS 0x00000000c6a00000, 0x00000000c6a00000| Untracked 
| 107|0x00000000c6b00000, 0x00000000c6b00000, 0x00000000c6c00000|  0%| F|  |TAMS 0x00000000c6b00000, 0x00000000c6b00000| Untracked 
| 108|0x00000000c6c00000, 0x00000000c6c00000, 0x00000000c6d00000|  0%| F|  |TAMS 0x00000000c6c00000, 0x00000000c6c00000| Untracked 
| 109|0x00000000c6d00000, 0x00000000c6d00000, 0x00000000c6e00000|  0%| F|  |TAMS 0x00000000c6d00000, 0x00000000c6d00000| Untracked 
| 110|0x00000000c6e00000, 0x00000000c6e00000, 0x00000000c6f00000|  0%| F|  |TAMS 0x00000000c6e00000, 0x00000000c6e00000| Untracked 
| 111|0x00000000c6f00000, 0x00000000c6f00000, 0x00000000c7000000|  0%| F|  |TAMS 0x00000000c6f00000, 0x00000000c6f00000| Untracked 
| 112|0x00000000c7000000, 0x00000000c7000000, 0x00000000c7100000|  0%| F|  |TAMS 0x00000000c7000000, 0x00000000c7000000| Untracked 
| 113|0x00000000c7100000, 0x00000000c7100000, 0x00000000c7200000|  0%| F|  |TAMS 0x00000000c7100000, 0x00000000c7100000| Untracked 
| 114|0x00000000c7200000, 0x00000000c7200000, 0x00000000c7300000|  0%| F|  |TAMS 0x00000000c7200000, 0x00000000c7200000| Untracked 
| 115|0x00000000c7300000, 0x00000000c7300000, 0x00000000c7400000|  0%| F|  |TAMS 0x00000000c7300000, 0x00000000c7300000| Untracked 
| 116|0x00000000c7400000, 0x00000000c7400000, 0x00000000c7500000|  0%| F|  |TAMS 0x00000000c7400000, 0x00000000c7400000| Untracked 
| 117|0x00000000c7500000, 0x00000000c7500000, 0x00000000c7600000|  0%| F|  |TAMS 0x00000000c7500000, 0x00000000c7500000| Untracked 
| 118|0x00000000c7600000, 0x00000000c7600000, 0x00000000c7700000|  0%| F|  |TAMS 0x00000000c7600000, 0x00000000c7600000| Untracked 
| 119|0x00000000c7700000, 0x00000000c7700000, 0x00000000c7800000|  0%| F|  |TAMS 0x00000000c7700000, 0x00000000c7700000| Untracked 
| 120|0x00000000c7800000, 0x00000000c7800000, 0x00000000c7900000|  0%| F|  |TAMS 0x00000000c7800000, 0x00000000c7800000| Untracked 
| 121|0x00000000c7900000, 0x00000000c7900000, 0x00000000c7a00000|  0%| F|  |TAMS 0x00000000c7900000, 0x00000000c7900000| Untracked 
| 122|0x00000000c7a00000, 0x00000000c7a00000, 0x00000000c7b00000|  0%| F|  |TAMS 0x00000000c7a00000, 0x00000000c7a00000| Untracked 
| 123|0x00000000c7b00000, 0x00000000c7b00000, 0x00000000c7c00000|  0%| F|  |TAMS 0x00000000c7b00000, 0x00000000c7b00000| Untracked 
| 124|0x00000000c7c00000, 0x00000000c7c00000, 0x00000000c7d00000|  0%| F|  |TAMS 0x00000000c7c00000, 0x00000000c7c00000| Untracked 
| 125|0x00000000c7d00000, 0x00000000c7d00000, 0x00000000c7e00000|  0%| F|  |TAMS 0x00000000c7d00000, 0x00000000c7d00000| Untracked 
| 126|0x00000000c7e00000, 0x00000000c7e00000, 0x00000000c7f00000|  0%| F|  |TAMS 0x00000000c7e00000, 0x00000000c7e00000| Untracked 
| 127|0x00000000c7f00000, 0x00000000c7f00000, 0x00000000c8000000|  0%| F|  |TAMS 0x00000000c7f00000, 0x00000000c7f00000| Untracked 
| 128|0x00000000c8000000, 0x00000000c8000000, 0x00000000c8100000|  0%| F|  |TAMS 0x00000000c8000000, 0x00000000c8000000| Untracked 
| 129|0x00000000c8100000, 0x00000000c8100000, 0x00000000c8200000|  0%| F|  |TAMS 0x00000000c8100000, 0x00000000c8100000| Untracked 
| 130|0x00000000c8200000, 0x00000000c8200000, 0x00000000c8300000|  0%| F|  |TAMS 0x00000000c8200000, 0x00000000c8200000| Untracked 
| 131|0x00000000c8300000, 0x00000000c8300000, 0x00000000c8400000|  0%| F|  |TAMS 0x00000000c8300000, 0x00000000c8300000| Untracked 
| 132|0x00000000c8400000, 0x00000000c8400000, 0x00000000c8500000|  0%| F|  |TAMS 0x00000000c8400000, 0x00000000c8400000| Untracked 
| 133|0x00000000c8500000, 0x00000000c8500000, 0x00000000c8600000|  0%| F|  |TAMS 0x00000000c8500000, 0x00000000c8500000| Untracked 
| 134|0x00000000c8600000, 0x00000000c8600000, 0x00000000c8700000|  0%| F|  |TAMS 0x00000000c8600000, 0x00000000c8600000| Untracked 
| 135|0x00000000c8700000, 0x00000000c8700000, 0x00000000c8800000|  0%| F|  |TAMS 0x00000000c8700000, 0x00000000c8700000| Untracked 
| 136|0x00000000c8800000, 0x00000000c8900000, 0x00000000c8900000|100%| O|  |TAMS 0x00000000c8900000, 0x00000000c8800000| Untracked 
| 137|0x00000000c8900000, 0x00000000c8a00000, 0x00000000c8a00000|100%| O|  |TAMS 0x00000000c8a00000, 0x00000000c8900000| Untracked 
| 138|0x00000000c8a00000, 0x00000000c8b00000, 0x00000000c8b00000|100%| O|  |TAMS 0x00000000c8b00000, 0x00000000c8a00000| Untracked 
| 139|0x00000000c8b00000, 0x00000000c8c00000, 0x00000000c8c00000|100%| O|  |TAMS 0x00000000c8c00000, 0x00000000c8b00000| Untracked 
| 140|0x00000000c8c00000, 0x00000000c8c00000, 0x00000000c8d00000|  0%| F|  |TAMS 0x00000000c8c00000, 0x00000000c8c00000| Untracked 
| 141|0x00000000c8d00000, 0x00000000c8d00000, 0x00000000c8e00000|  0%| F|  |TAMS 0x00000000c8d00000, 0x00000000c8d00000| Untracked 
| 142|0x00000000c8e00000, 0x00000000c8e00000, 0x00000000c8f00000|  0%| F|  |TAMS 0x00000000c8e00000, 0x00000000c8e00000| Untracked 
| 143|0x00000000c8f00000, 0x00000000c8f00000, 0x00000000c9000000|  0%| F|  |TAMS 0x00000000c8f00000, 0x00000000c8f00000| Untracked 
| 144|0x00000000c9000000, 0x00000000c9000000, 0x00000000c9100000|  0%| F|  |TAMS 0x00000000c9000000, 0x00000000c9000000| Untracked 
| 145|0x00000000c9100000, 0x00000000c9100000, 0x00000000c9200000|  0%| F|  |TAMS 0x00000000c9100000, 0x00000000c9100000| Untracked 
| 146|0x00000000c9200000, 0x00000000c9200000, 0x00000000c9300000|  0%| F|  |TAMS 0x00000000c9200000, 0x00000000c9200000| Untracked 
| 147|0x00000000c9300000, 0x00000000c9300000, 0x00000000c9400000|  0%| F|  |TAMS 0x00000000c9300000, 0x00000000c9300000| Untracked 
| 148|0x00000000c9400000, 0x00000000c9400000, 0x00000000c9500000|  0%| F|  |TAMS 0x00000000c9400000, 0x00000000c9400000| Untracked 
| 149|0x00000000c9500000, 0x00000000c9500000, 0x00000000c9600000|  0%| F|  |TAMS 0x00000000c9500000, 0x00000000c9500000| Untracked 
| 150|0x00000000c9600000, 0x00000000c9600000, 0x00000000c9700000|  0%| F|  |TAMS 0x00000000c9600000, 0x00000000c9600000| Untracked 
| 151|0x00000000c9700000, 0x00000000c9700000, 0x00000000c9800000|  0%| F|  |TAMS 0x00000000c9700000, 0x00000000c9700000| Untracked 
| 152|0x00000000c9800000, 0x00000000c9800000, 0x00000000c9900000|  0%| F|  |TAMS 0x00000000c9800000, 0x00000000c9800000| Untracked 
| 153|0x00000000c9900000, 0x00000000c9900000, 0x00000000c9a00000|  0%| F|  |TAMS 0x00000000c9900000, 0x00000000c9900000| Untracked 
| 154|0x00000000c9a00000, 0x00000000c9a00000, 0x00000000c9b00000|  0%| F|  |TAMS 0x00000000c9a00000, 0x00000000c9a00000| Untracked 
| 155|0x00000000c9b00000, 0x00000000c9b00000, 0x00000000c9c00000|  0%| F|  |TAMS 0x00000000c9b00000, 0x00000000c9b00000| Untracked 
| 156|0x00000000c9c00000, 0x00000000c9c00000, 0x00000000c9d00000|  0%| F|  |TAMS 0x00000000c9c00000, 0x00000000c9c00000| Untracked 
| 157|0x00000000c9d00000, 0x00000000c9d00000, 0x00000000c9e00000|  0%| F|  |TAMS 0x00000000c9d00000, 0x00000000c9d00000| Untracked 
| 158|0x00000000c9e00000, 0x00000000c9e00000, 0x00000000c9f00000|  0%| F|  |TAMS 0x00000000c9e00000, 0x00000000c9e00000| Untracked 
| 159|0x00000000c9f00000, 0x00000000c9f00000, 0x00000000ca000000|  0%| F|  |TAMS 0x00000000c9f00000, 0x00000000c9f00000| Untracked 
| 160|0x00000000ca000000, 0x00000000ca000000, 0x00000000ca100000|  0%| F|  |TAMS 0x00000000ca000000, 0x00000000ca000000| Untracked 
| 161|0x00000000ca100000, 0x00000000ca100000, 0x00000000ca200000|  0%| F|  |TAMS 0x00000000ca100000, 0x00000000ca100000| Untracked 
| 162|0x00000000ca200000, 0x00000000ca200000, 0x00000000ca300000|  0%| F|  |TAMS 0x00000000ca200000, 0x00000000ca200000| Untracked 
| 163|0x00000000ca300000, 0x00000000ca300000, 0x00000000ca400000|  0%| F|  |TAMS 0x00000000ca300000, 0x00000000ca300000| Untracked 
| 164|0x00000000ca400000, 0x00000000ca400000, 0x00000000ca500000|  0%| F|  |TAMS 0x00000000ca400000, 0x00000000ca400000| Untracked 
| 165|0x00000000ca500000, 0x00000000ca500000, 0x00000000ca600000|  0%| F|  |TAMS 0x00000000ca500000, 0x00000000ca500000| Untracked 
| 166|0x00000000ca600000, 0x00000000ca600000, 0x00000000ca700000|  0%| F|  |TAMS 0x00000000ca600000, 0x00000000ca600000| Untracked 
| 167|0x00000000ca700000, 0x00000000ca700000, 0x00000000ca800000|  0%| F|  |TAMS 0x00000000ca700000, 0x00000000ca700000| Untracked 
| 168|0x00000000ca800000, 0x00000000ca800000, 0x00000000ca900000|  0%| F|  |TAMS 0x00000000ca800000, 0x00000000ca800000| Untracked 
| 169|0x00000000ca900000, 0x00000000ca900000, 0x00000000caa00000|  0%| F|  |TAMS 0x00000000ca900000, 0x00000000ca900000| Untracked 
| 170|0x00000000caa00000, 0x00000000caa00000, 0x00000000cab00000|  0%| F|  |TAMS 0x00000000caa00000, 0x00000000caa00000| Untracked 
| 171|0x00000000cab00000, 0x00000000cab00000, 0x00000000cac00000|  0%| F|  |TAMS 0x00000000cab00000, 0x00000000cab00000| Untracked 
| 172|0x00000000cac00000, 0x00000000cac00000, 0x00000000cad00000|  0%| F|  |TAMS 0x00000000cac00000, 0x00000000cac00000| Untracked 
| 173|0x00000000cad00000, 0x00000000cad00000, 0x00000000cae00000|  0%| F|  |TAMS 0x00000000cad00000, 0x00000000cad00000| Untracked 
| 174|0x00000000cae00000, 0x00000000cae00000, 0x00000000caf00000|  0%| F|  |TAMS 0x00000000cae00000, 0x00000000cae00000| Untracked 
| 175|0x00000000caf00000, 0x00000000caf00000, 0x00000000cb000000|  0%| F|  |TAMS 0x00000000caf00000, 0x00000000caf00000| Untracked 
| 176|0x00000000cb000000, 0x00000000cb000000, 0x00000000cb100000|  0%| F|  |TAMS 0x00000000cb000000, 0x00000000cb000000| Untracked 
| 177|0x00000000cb100000, 0x00000000cb100000, 0x00000000cb200000|  0%| F|  |TAMS 0x00000000cb100000, 0x00000000cb100000| Untracked 
| 178|0x00000000cb200000, 0x00000000cb200000, 0x00000000cb300000|  0%| F|  |TAMS 0x00000000cb200000, 0x00000000cb200000| Untracked 
| 179|0x00000000cb300000, 0x00000000cb300000, 0x00000000cb400000|  0%| F|  |TAMS 0x00000000cb300000, 0x00000000cb300000| Untracked 
| 180|0x00000000cb400000, 0x00000000cb400000, 0x00000000cb500000|  0%| F|  |TAMS 0x00000000cb400000, 0x00000000cb400000| Untracked 
| 181|0x00000000cb500000, 0x00000000cb500000, 0x00000000cb600000|  0%| F|  |TAMS 0x00000000cb500000, 0x00000000cb500000| Untracked 
| 182|0x00000000cb600000, 0x00000000cb600000, 0x00000000cb700000|  0%| F|  |TAMS 0x00000000cb600000, 0x00000000cb600000| Untracked 
| 183|0x00000000cb700000, 0x00000000cb700000, 0x00000000cb800000|  0%| F|  |TAMS 0x00000000cb700000, 0x00000000cb700000| Untracked 
| 184|0x00000000cb800000, 0x00000000cb800000, 0x00000000cb900000|  0%| F|  |TAMS 0x00000000cb800000, 0x00000000cb800000| Untracked 
| 185|0x00000000cb900000, 0x00000000cb900000, 0x00000000cba00000|  0%| F|  |TAMS 0x00000000cb900000, 0x00000000cb900000| Untracked 
| 186|0x00000000cba00000, 0x00000000cba00000, 0x00000000cbb00000|  0%| F|  |TAMS 0x00000000cba00000, 0x00000000cba00000| Untracked 
| 187|0x00000000cbb00000, 0x00000000cbb00000, 0x00000000cbc00000|  0%| F|  |TAMS 0x00000000cbb00000, 0x00000000cbb00000| Untracked 
| 188|0x00000000cbc00000, 0x00000000cbc00000, 0x00000000cbd00000|  0%| F|  |TAMS 0x00000000cbc00000, 0x00000000cbc00000| Untracked 
| 189|0x00000000cbd00000, 0x00000000cbd00000, 0x00000000cbe00000|  0%| F|  |TAMS 0x00000000cbd00000, 0x00000000cbd00000| Untracked 
| 190|0x00000000cbe00000, 0x00000000cbe00000, 0x00000000cbf00000|  0%| F|  |TAMS 0x00000000cbe00000, 0x00000000cbe00000| Untracked 
| 191|0x00000000cbf00000, 0x00000000cbf00000, 0x00000000cc000000|  0%| F|  |TAMS 0x00000000cbf00000, 0x00000000cbf00000| Untracked 
| 192|0x00000000cc000000, 0x00000000cc000000, 0x00000000cc100000|  0%| F|  |TAMS 0x00000000cc000000, 0x00000000cc000000| Untracked 
| 193|0x00000000cc100000, 0x00000000cc100000, 0x00000000cc200000|  0%| F|  |TAMS 0x00000000cc100000, 0x00000000cc100000| Untracked 
| 194|0x00000000cc200000, 0x00000000cc200000, 0x00000000cc300000|  0%| F|  |TAMS 0x00000000cc200000, 0x00000000cc200000| Untracked 
| 195|0x00000000cc300000, 0x00000000cc300000, 0x00000000cc400000|  0%| F|  |TAMS 0x00000000cc300000, 0x00000000cc300000| Untracked 
| 196|0x00000000cc400000, 0x00000000cc400000, 0x00000000cc500000|  0%| F|  |TAMS 0x00000000cc400000, 0x00000000cc400000| Untracked 
| 197|0x00000000cc500000, 0x00000000cc500000, 0x00000000cc600000|  0%| F|  |TAMS 0x00000000cc500000, 0x00000000cc500000| Untracked 
| 198|0x00000000cc600000, 0x00000000cc600000, 0x00000000cc700000|  0%| F|  |TAMS 0x00000000cc600000, 0x00000000cc600000| Untracked 
| 199|0x00000000cc700000, 0x00000000cc700000, 0x00000000cc800000|  0%| F|  |TAMS 0x00000000cc700000, 0x00000000cc700000| Untracked 
| 200|0x00000000cc800000, 0x00000000cc800000, 0x00000000cc900000|  0%| F|  |TAMS 0x00000000cc800000, 0x00000000cc800000| Untracked 
| 201|0x00000000cc900000, 0x00000000cc900000, 0x00000000cca00000|  0%| F|  |TAMS 0x00000000cc900000, 0x00000000cc900000| Untracked 
| 202|0x00000000cca00000, 0x00000000cca00000, 0x00000000ccb00000|  0%| F|  |TAMS 0x00000000cca00000, 0x00000000cca00000| Untracked 
| 203|0x00000000ccb00000, 0x00000000ccb00000, 0x00000000ccc00000|  0%| F|  |TAMS 0x00000000ccb00000, 0x00000000ccb00000| Untracked 
| 204|0x00000000ccc00000, 0x00000000ccc00000, 0x00000000ccd00000|  0%| F|  |TAMS 0x00000000ccc00000, 0x00000000ccc00000| Untracked 
| 205|0x00000000ccd00000, 0x00000000ccd00000, 0x00000000cce00000|  0%| F|  |TAMS 0x00000000ccd00000, 0x00000000ccd00000| Untracked 
| 206|0x00000000cce00000, 0x00000000cce00000, 0x00000000ccf00000|  0%| F|  |TAMS 0x00000000cce00000, 0x00000000cce00000| Untracked 
| 207|0x00000000ccf00000, 0x00000000ccf00000, 0x00000000cd000000|  0%| F|  |TAMS 0x00000000ccf00000, 0x00000000ccf00000| Untracked 
| 208|0x00000000cd000000, 0x00000000cd000000, 0x00000000cd100000|  0%| F|  |TAMS 0x00000000cd000000, 0x00000000cd000000| Untracked 
| 209|0x00000000cd100000, 0x00000000cd200000, 0x00000000cd200000|100%|HS|  |TAMS 0x00000000cd200000, 0x00000000cd100000| Complete 
| 210|0x00000000cd200000, 0x00000000cd300000, 0x00000000cd300000|100%|HC|  |TAMS 0x00000000cd300000, 0x00000000cd200000| Complete 
| 211|0x00000000cd300000, 0x00000000cd300000, 0x00000000cd400000|  0%| F|  |TAMS 0x00000000cd300000, 0x00000000cd300000| Untracked 
| 212|0x00000000cd400000, 0x00000000cd400000, 0x00000000cd500000|  0%| F|  |TAMS 0x00000000cd400000, 0x00000000cd400000| Untracked 
| 213|0x00000000cd500000, 0x00000000cd500000, 0x00000000cd600000|  0%| F|  |TAMS 0x00000000cd500000, 0x00000000cd500000| Untracked 
| 214|0x00000000cd600000, 0x00000000cd600000, 0x00000000cd700000|  0%| F|  |TAMS 0x00000000cd600000, 0x00000000cd600000| Untracked 
| 215|0x00000000cd700000, 0x00000000cd700000, 0x00000000cd800000|  0%| F|  |TAMS 0x00000000cd700000, 0x00000000cd700000| Untracked 
| 216|0x00000000cd800000, 0x00000000cd800000, 0x00000000cd900000|  0%| F|  |TAMS 0x00000000cd800000, 0x00000000cd800000| Untracked 
| 217|0x00000000cd900000, 0x00000000cd900000, 0x00000000cda00000|  0%| F|  |TAMS 0x00000000cd900000, 0x00000000cd900000| Untracked 
| 218|0x00000000cda00000, 0x00000000cda00000, 0x00000000cdb00000|  0%| F|  |TAMS 0x00000000cda00000, 0x00000000cda00000| Untracked 
| 219|0x00000000cdb00000, 0x00000000cdb00000, 0x00000000cdc00000|  0%| F|  |TAMS 0x00000000cdb00000, 0x00000000cdb00000| Untracked 
| 220|0x00000000cdc00000, 0x00000000cdc00000, 0x00000000cdd00000|  0%| F|  |TAMS 0x00000000cdc00000, 0x00000000cdc00000| Untracked 
| 221|0x00000000cdd00000, 0x00000000cdd00000, 0x00000000cde00000|  0%| F|  |TAMS 0x00000000cdd00000, 0x00000000cdd00000| Untracked 
| 222|0x00000000cde00000, 0x00000000cde00000, 0x00000000cdf00000|  0%| F|  |TAMS 0x00000000cde00000, 0x00000000cde00000| Untracked 
| 223|0x00000000cdf00000, 0x00000000cdf00000, 0x00000000ce000000|  0%| F|  |TAMS 0x00000000cdf00000, 0x00000000cdf00000| Untracked 
| 224|0x00000000ce000000, 0x00000000ce000000, 0x00000000ce100000|  0%| F|  |TAMS 0x00000000ce000000, 0x00000000ce000000| Untracked 
| 225|0x00000000ce100000, 0x00000000ce100000, 0x00000000ce200000|  0%| F|  |TAMS 0x00000000ce100000, 0x00000000ce100000| Untracked 
| 226|0x00000000ce200000, 0x00000000ce200000, 0x00000000ce300000|  0%| F|  |TAMS 0x00000000ce200000, 0x00000000ce200000| Untracked 
| 227|0x00000000ce300000, 0x00000000ce300000, 0x00000000ce400000|  0%| F|  |TAMS 0x00000000ce300000, 0x00000000ce300000| Untracked 
| 228|0x00000000ce400000, 0x00000000ce400000, 0x00000000ce500000|  0%| F|  |TAMS 0x00000000ce400000, 0x00000000ce400000| Untracked 
| 229|0x00000000ce500000, 0x00000000ce500000, 0x00000000ce600000|  0%| F|  |TAMS 0x00000000ce500000, 0x00000000ce500000| Untracked 
| 230|0x00000000ce600000, 0x00000000ce600000, 0x00000000ce700000|  0%| F|  |TAMS 0x00000000ce600000, 0x00000000ce600000| Untracked 
| 231|0x00000000ce700000, 0x00000000ce700000, 0x00000000ce800000|  0%| F|  |TAMS 0x00000000ce700000, 0x00000000ce700000| Untracked 
| 232|0x00000000ce800000, 0x00000000ce800000, 0x00000000ce900000|  0%| F|  |TAMS 0x00000000ce800000, 0x00000000ce800000| Untracked 
| 233|0x00000000ce900000, 0x00000000ce900000, 0x00000000cea00000|  0%| F|  |TAMS 0x00000000ce900000, 0x00000000ce900000| Untracked 
| 234|0x00000000cea00000, 0x00000000cea00000, 0x00000000ceb00000|  0%| F|  |TAMS 0x00000000cea00000, 0x00000000cea00000| Untracked 
| 235|0x00000000ceb00000, 0x00000000ceb00000, 0x00000000cec00000|  0%| F|  |TAMS 0x00000000ceb00000, 0x00000000ceb00000| Untracked 
| 236|0x00000000cec00000, 0x00000000cec00000, 0x00000000ced00000|  0%| F|  |TAMS 0x00000000cec00000, 0x00000000cec00000| Untracked 
| 237|0x00000000ced00000, 0x00000000ced00000, 0x00000000cee00000|  0%| F|  |TAMS 0x00000000ced00000, 0x00000000ced00000| Untracked 
| 238|0x00000000cee00000, 0x00000000cee00000, 0x00000000cef00000|  0%| F|  |TAMS 0x00000000cee00000, 0x00000000cee00000| Untracked 
| 239|0x00000000cef00000, 0x00000000cef00000, 0x00000000cf000000|  0%| F|  |TAMS 0x00000000cef00000, 0x00000000cef00000| Untracked 
| 240|0x00000000cf000000, 0x00000000cf000000, 0x00000000cf100000|  0%| F|  |TAMS 0x00000000cf000000, 0x00000000cf000000| Untracked 
| 241|0x00000000cf100000, 0x00000000cf100000, 0x00000000cf200000|  0%| F|  |TAMS 0x00000000cf100000, 0x00000000cf100000| Untracked 
| 242|0x00000000cf200000, 0x00000000cf200000, 0x00000000cf300000|  0%| F|  |TAMS 0x00000000cf200000, 0x00000000cf200000| Untracked 
| 243|0x00000000cf300000, 0x00000000cf300000, 0x00000000cf400000|  0%| F|  |TAMS 0x00000000cf300000, 0x00000000cf300000| Untracked 
| 244|0x00000000cf400000, 0x00000000cf400000, 0x00000000cf500000|  0%| F|  |TAMS 0x00000000cf400000, 0x00000000cf400000| Untracked 
| 245|0x00000000cf500000, 0x00000000cf500000, 0x00000000cf600000|  0%| F|  |TAMS 0x00000000cf500000, 0x00000000cf500000| Untracked 
| 246|0x00000000cf600000, 0x00000000cf600000, 0x00000000cf700000|  0%| F|  |TAMS 0x00000000cf600000, 0x00000000cf600000| Untracked 
| 247|0x00000000cf700000, 0x00000000cf700000, 0x00000000cf800000|  0%| F|  |TAMS 0x00000000cf700000, 0x00000000cf700000| Untracked 
| 248|0x00000000cf800000, 0x00000000cf800000, 0x00000000cf900000|  0%| F|  |TAMS 0x00000000cf800000, 0x00000000cf800000| Untracked 
| 249|0x00000000cf900000, 0x00000000cf900000, 0x00000000cfa00000|  0%| F|  |TAMS 0x00000000cf900000, 0x00000000cf900000| Untracked 
| 250|0x00000000cfa00000, 0x00000000cfa00000, 0x00000000cfb00000|  0%| F|  |TAMS 0x00000000cfa00000, 0x00000000cfa00000| Untracked 
| 251|0x00000000cfb00000, 0x00000000cfb00000, 0x00000000cfc00000|  0%| F|  |TAMS 0x00000000cfb00000, 0x00000000cfb00000| Untracked 
| 252|0x00000000cfc00000, 0x00000000cfc00000, 0x00000000cfd00000|  0%| F|  |TAMS 0x00000000cfc00000, 0x00000000cfc00000| Untracked 
| 253|0x00000000cfd00000, 0x00000000cfd00000, 0x00000000cfe00000|  0%| F|  |TAMS 0x00000000cfd00000, 0x00000000cfd00000| Untracked 
| 254|0x00000000cfe00000, 0x00000000cfe00000, 0x00000000cff00000|  0%| F|  |TAMS 0x00000000cfe00000, 0x00000000cfe00000| Untracked 
| 255|0x00000000cff00000, 0x00000000cff00000, 0x00000000d0000000|  0%| F|  |TAMS 0x00000000cff00000, 0x00000000cff00000| Untracked 
| 256|0x00000000d0000000, 0x00000000d0000000, 0x00000000d0100000|  0%| F|  |TAMS 0x00000000d0000000, 0x00000000d0000000| Untracked 
| 257|0x00000000d0100000, 0x00000000d0100000, 0x00000000d0200000|  0%| F|  |TAMS 0x00000000d0100000, 0x00000000d0100000| Untracked 
| 258|0x00000000d0200000, 0x00000000d0200000, 0x00000000d0300000|  0%| F|  |TAMS 0x00000000d0200000, 0x00000000d0200000| Untracked 
| 259|0x00000000d0300000, 0x00000000d0300000, 0x00000000d0400000|  0%| F|  |TAMS 0x00000000d0300000, 0x00000000d0300000| Untracked 
| 260|0x00000000d0400000, 0x00000000d0400000, 0x00000000d0500000|  0%| F|  |TAMS 0x00000000d0400000, 0x00000000d0400000| Untracked 
| 261|0x00000000d0500000, 0x00000000d0500000, 0x00000000d0600000|  0%| F|  |TAMS 0x00000000d0500000, 0x00000000d0500000| Untracked 
| 262|0x00000000d0600000, 0x00000000d0600000, 0x00000000d0700000|  0%| F|  |TAMS 0x00000000d0600000, 0x00000000d0600000| Untracked 
| 263|0x00000000d0700000, 0x00000000d0700000, 0x00000000d0800000|  0%| F|  |TAMS 0x00000000d0700000, 0x00000000d0700000| Untracked 
| 264|0x00000000d0800000, 0x00000000d0800000, 0x00000000d0900000|  0%| F|  |TAMS 0x00000000d0800000, 0x00000000d0800000| Untracked 
| 265|0x00000000d0900000, 0x00000000d0900000, 0x00000000d0a00000|  0%| F|  |TAMS 0x00000000d0900000, 0x00000000d0900000| Untracked 
| 266|0x00000000d0a00000, 0x00000000d0a00000, 0x00000000d0b00000|  0%| F|  |TAMS 0x00000000d0a00000, 0x00000000d0a00000| Untracked 
| 267|0x00000000d0b00000, 0x00000000d0b00000, 0x00000000d0c00000|  0%| F|  |TAMS 0x00000000d0b00000, 0x00000000d0b00000| Untracked 
| 268|0x00000000d0c00000, 0x00000000d0c00000, 0x00000000d0d00000|  0%| F|  |TAMS 0x00000000d0c00000, 0x00000000d0c00000| Untracked 
| 269|0x00000000d0d00000, 0x00000000d0d00000, 0x00000000d0e00000|  0%| F|  |TAMS 0x00000000d0d00000, 0x00000000d0d00000| Untracked 
| 270|0x00000000d0e00000, 0x00000000d0e00000, 0x00000000d0f00000|  0%| F|  |TAMS 0x00000000d0e00000, 0x00000000d0e00000| Untracked 
| 271|0x00000000d0f00000, 0x00000000d0f00000, 0x00000000d1000000|  0%| F|  |TAMS 0x00000000d0f00000, 0x00000000d0f00000| Untracked 
| 272|0x00000000d1000000, 0x00000000d1000000, 0x00000000d1100000|  0%| F|  |TAMS 0x00000000d1000000, 0x00000000d1000000| Untracked 
| 273|0x00000000d1100000, 0x00000000d1100000, 0x00000000d1200000|  0%| F|  |TAMS 0x00000000d1100000, 0x00000000d1100000| Untracked 
| 274|0x00000000d1200000, 0x00000000d1200000, 0x00000000d1300000|  0%| F|  |TAMS 0x00000000d1200000, 0x00000000d1200000| Untracked 
| 275|0x00000000d1300000, 0x00000000d1300000, 0x00000000d1400000|  0%| F|  |TAMS 0x00000000d1300000, 0x00000000d1300000| Untracked 
| 276|0x00000000d1400000, 0x00000000d1400000, 0x00000000d1500000|  0%| F|  |TAMS 0x00000000d1400000, 0x00000000d1400000| Untracked 
| 277|0x00000000d1500000, 0x00000000d1500000, 0x00000000d1600000|  0%| F|  |TAMS 0x00000000d1500000, 0x00000000d1500000| Untracked 
| 278|0x00000000d1600000, 0x00000000d1600000, 0x00000000d1700000|  0%| F|  |TAMS 0x00000000d1600000, 0x00000000d1600000| Untracked 
| 279|0x00000000d1700000, 0x00000000d1700000, 0x00000000d1800000|  0%| F|  |TAMS 0x00000000d1700000, 0x00000000d1700000| Untracked 
| 280|0x00000000d1800000, 0x00000000d1800000, 0x00000000d1900000|  0%| F|  |TAMS 0x00000000d1800000, 0x00000000d1800000| Untracked 
| 281|0x00000000d1900000, 0x00000000d1900000, 0x00000000d1a00000|  0%| F|  |TAMS 0x00000000d1900000, 0x00000000d1900000| Untracked 
| 282|0x00000000d1a00000, 0x00000000d1a00000, 0x00000000d1b00000|  0%| F|  |TAMS 0x00000000d1a00000, 0x00000000d1a00000| Untracked 
| 283|0x00000000d1b00000, 0x00000000d1b00000, 0x00000000d1c00000|  0%| F|  |TAMS 0x00000000d1b00000, 0x00000000d1b00000| Untracked 
| 284|0x00000000d1c00000, 0x00000000d1c00000, 0x00000000d1d00000|  0%| F|  |TAMS 0x00000000d1c00000, 0x00000000d1c00000| Untracked 
| 285|0x00000000d1d00000, 0x00000000d1d00000, 0x00000000d1e00000|  0%| F|  |TAMS 0x00000000d1d00000, 0x00000000d1d00000| Untracked 
| 286|0x00000000d1e00000, 0x00000000d1e00000, 0x00000000d1f00000|  0%| F|  |TAMS 0x00000000d1e00000, 0x00000000d1e00000| Untracked 
| 287|0x00000000d1f00000, 0x00000000d1f00000, 0x00000000d2000000|  0%| F|  |TAMS 0x00000000d1f00000, 0x00000000d1f00000| Untracked 
| 288|0x00000000d2000000, 0x00000000d20083e8, 0x00000000d2100000|  3%| E|  |TAMS 0x00000000d2000000, 0x00000000d2000000| Complete 
| 289|0x00000000d2100000, 0x00000000d2200000, 0x00000000d2200000|100%| E|CS|TAMS 0x00000000d2100000, 0x00000000d2100000| Complete 
| 290|0x00000000d2200000, 0x00000000d2300000, 0x00000000d2300000|100%| E|CS|TAMS 0x00000000d2200000, 0x00000000d2200000| Complete 
| 291|0x00000000d2300000, 0x00000000d2400000, 0x00000000d2400000|100%| E|CS|TAMS 0x00000000d2300000, 0x00000000d2300000| Complete 
| 292|0x00000000d2400000, 0x00000000d2500000, 0x00000000d2500000|100%| E|CS|TAMS 0x00000000d2400000, 0x00000000d2400000| Complete 
| 293|0x00000000d2500000, 0x00000000d2600000, 0x00000000d2600000|100%| E|CS|TAMS 0x00000000d2500000, 0x00000000d2500000| Complete 
| 294|0x00000000d2600000, 0x00000000d2700000, 0x00000000d2700000|100%| E|CS|TAMS 0x00000000d2600000, 0x00000000d2600000| Complete 
| 295|0x00000000d2700000, 0x00000000d2800000, 0x00000000d2800000|100%| E|CS|TAMS 0x00000000d2700000, 0x00000000d2700000| Complete 
| 296|0x00000000d2800000, 0x00000000d2900000, 0x00000000d2900000|100%| E|CS|TAMS 0x00000000d2800000, 0x00000000d2800000| Complete 
| 297|0x00000000d2900000, 0x00000000d2a00000, 0x00000000d2a00000|100%| E|CS|TAMS 0x00000000d2900000, 0x00000000d2900000| Complete 
| 298|0x00000000d2a00000, 0x00000000d2b00000, 0x00000000d2b00000|100%| E|CS|TAMS 0x00000000d2a00000, 0x00000000d2a00000| Complete 
| 299|0x00000000d2b00000, 0x00000000d2c00000, 0x00000000d2c00000|100%| E|CS|TAMS 0x00000000d2b00000, 0x00000000d2b00000| Complete 
| 300|0x00000000d2c00000, 0x00000000d2d00000, 0x00000000d2d00000|100%| E|CS|TAMS 0x00000000d2c00000, 0x00000000d2c00000| Complete 
| 301|0x00000000d2d00000, 0x00000000d2e00000, 0x00000000d2e00000|100%| E|CS|TAMS 0x00000000d2d00000, 0x00000000d2d00000| Complete 
| 302|0x00000000d2e00000, 0x00000000d2f00000, 0x00000000d2f00000|100%| E|CS|TAMS 0x00000000d2e00000, 0x00000000d2e00000| Complete 
| 303|0x00000000d2f00000, 0x00000000d3000000, 0x00000000d3000000|100%| E|CS|TAMS 0x00000000d2f00000, 0x00000000d2f00000| Complete 
| 304|0x00000000d3000000, 0x00000000d3100000, 0x00000000d3100000|100%| E|CS|TAMS 0x00000000d3000000, 0x00000000d3000000| Complete 
| 305|0x00000000d3100000, 0x00000000d3200000, 0x00000000d3200000|100%| E|CS|TAMS 0x00000000d3100000, 0x00000000d3100000| Complete 
| 306|0x00000000d3200000, 0x00000000d3300000, 0x00000000d3300000|100%| E|CS|TAMS 0x00000000d3200000, 0x00000000d3200000| Complete 
| 307|0x00000000d3300000, 0x00000000d3400000, 0x00000000d3400000|100%| E|CS|TAMS 0x00000000d3300000, 0x00000000d3300000| Complete 
| 308|0x00000000d3400000, 0x00000000d3500000, 0x00000000d3500000|100%| E|CS|TAMS 0x00000000d3400000, 0x00000000d3400000| Complete 
| 309|0x00000000d3500000, 0x00000000d3600000, 0x00000000d3600000|100%| E|CS|TAMS 0x00000000d3500000, 0x00000000d3500000| Complete 
| 310|0x00000000d3600000, 0x00000000d3700000, 0x00000000d3700000|100%| E|CS|TAMS 0x00000000d3600000, 0x00000000d3600000| Complete 
| 311|0x00000000d3700000, 0x00000000d3800000, 0x00000000d3800000|100%| E|CS|TAMS 0x00000000d3700000, 0x00000000d3700000| Complete 
| 312|0x00000000d3800000, 0x00000000d3900000, 0x00000000d3900000|100%| E|CS|TAMS 0x00000000d3800000, 0x00000000d3800000| Complete 
| 313|0x00000000d3900000, 0x00000000d3a00000, 0x00000000d3a00000|100%| E|CS|TAMS 0x00000000d3900000, 0x00000000d3900000| Complete 
| 314|0x00000000d3a00000, 0x00000000d3b00000, 0x00000000d3b00000|100%| E|CS|TAMS 0x00000000d3a00000, 0x00000000d3a00000| Complete 
| 315|0x00000000d3b00000, 0x00000000d3c00000, 0x00000000d3c00000|100%| E|CS|TAMS 0x00000000d3b00000, 0x00000000d3b00000| Complete 
| 316|0x00000000d3c00000, 0x00000000d3d00000, 0x00000000d3d00000|100%| E|CS|TAMS 0x00000000d3c00000, 0x00000000d3c00000| Complete 
| 317|0x00000000d3d00000, 0x00000000d3e00000, 0x00000000d3e00000|100%| E|CS|TAMS 0x00000000d3d00000, 0x00000000d3d00000| Complete 
| 318|0x00000000d3e00000, 0x00000000d3f00000, 0x00000000d3f00000|100%| E|CS|TAMS 0x00000000d3e00000, 0x00000000d3e00000| Complete 
| 319|0x00000000d3f00000, 0x00000000d4000000, 0x00000000d4000000|100%| E|CS|TAMS 0x00000000d3f00000, 0x00000000d3f00000| Complete 
| 320|0x00000000d4000000, 0x00000000d4100000, 0x00000000d4100000|100%| E|CS|TAMS 0x00000000d4000000, 0x00000000d4000000| Complete 
| 321|0x00000000d4100000, 0x00000000d4200000, 0x00000000d4200000|100%| E|CS|TAMS 0x00000000d4100000, 0x00000000d4100000| Complete 
| 322|0x00000000d4200000, 0x00000000d4300000, 0x00000000d4300000|100%| E|CS|TAMS 0x00000000d4200000, 0x00000000d4200000| Complete 
| 323|0x00000000d4300000, 0x00000000d4400000, 0x00000000d4400000|100%| E|CS|TAMS 0x00000000d4300000, 0x00000000d4300000| Complete 
| 324|0x00000000d4400000, 0x00000000d4500000, 0x00000000d4500000|100%| E|CS|TAMS 0x00000000d4400000, 0x00000000d4400000| Complete 
| 325|0x00000000d4500000, 0x00000000d4600000, 0x00000000d4600000|100%| E|CS|TAMS 0x00000000d4500000, 0x00000000d4500000| Complete 
| 326|0x00000000d4600000, 0x00000000d4700000, 0x00000000d4700000|100%| E|CS|TAMS 0x00000000d4600000, 0x00000000d4600000| Complete 
| 327|0x00000000d4700000, 0x00000000d4800000, 0x00000000d4800000|100%| E|CS|TAMS 0x00000000d4700000, 0x00000000d4700000| Complete 
| 328|0x00000000d4800000, 0x00000000d4900000, 0x00000000d4900000|100%| E|CS|TAMS 0x00000000d4800000, 0x00000000d4800000| Complete 
| 329|0x00000000d4900000, 0x00000000d4a00000, 0x00000000d4a00000|100%| E|CS|TAMS 0x00000000d4900000, 0x00000000d4900000| Complete 
| 330|0x00000000d4a00000, 0x00000000d4b00000, 0x00000000d4b00000|100%| E|CS|TAMS 0x00000000d4a00000, 0x00000000d4a00000| Complete 
| 331|0x00000000d4b00000, 0x00000000d4c00000, 0x00000000d4c00000|100%| E|CS|TAMS 0x00000000d4b00000, 0x00000000d4b00000| Complete 
| 332|0x00000000d4c00000, 0x00000000d4d00000, 0x00000000d4d00000|100%| E|CS|TAMS 0x00000000d4c00000, 0x00000000d4c00000| Complete 
| 333|0x00000000d4d00000, 0x00000000d4e00000, 0x00000000d4e00000|100%| E|CS|TAMS 0x00000000d4d00000, 0x00000000d4d00000| Complete 
| 334|0x00000000d4e00000, 0x00000000d4f00000, 0x00000000d4f00000|100%| E|CS|TAMS 0x00000000d4e00000, 0x00000000d4e00000| Complete 
| 335|0x00000000d4f00000, 0x00000000d5000000, 0x00000000d5000000|100%| E|CS|TAMS 0x00000000d4f00000, 0x00000000d4f00000| Complete 
| 336|0x00000000d5000000, 0x00000000d5100000, 0x00000000d5100000|100%| E|CS|TAMS 0x00000000d5000000, 0x00000000d5000000| Complete 
| 337|0x00000000d5100000, 0x00000000d5200000, 0x00000000d5200000|100%| E|CS|TAMS 0x00000000d5100000, 0x00000000d5100000| Complete 
| 338|0x00000000d5200000, 0x00000000d5300000, 0x00000000d5300000|100%| E|CS|TAMS 0x00000000d5200000, 0x00000000d5200000| Complete 
| 339|0x00000000d5300000, 0x00000000d5400000, 0x00000000d5400000|100%| E|CS|TAMS 0x00000000d5300000, 0x00000000d5300000| Complete 
| 340|0x00000000d5400000, 0x00000000d5500000, 0x00000000d5500000|100%| E|CS|TAMS 0x00000000d5400000, 0x00000000d5400000| Complete 
| 341|0x00000000d5500000, 0x00000000d5600000, 0x00000000d5600000|100%| E|CS|TAMS 0x00000000d5500000, 0x00000000d5500000| Complete 
| 342|0x00000000d5600000, 0x00000000d5700000, 0x00000000d5700000|100%| E|CS|TAMS 0x00000000d5600000, 0x00000000d5600000| Complete 
| 343|0x00000000d5700000, 0x00000000d5800000, 0x00000000d5800000|100%| E|CS|TAMS 0x00000000d5700000, 0x00000000d5700000| Complete 
| 344|0x00000000d5800000, 0x00000000d5900000, 0x00000000d5900000|100%| E|CS|TAMS 0x00000000d5800000, 0x00000000d5800000| Complete 
| 345|0x00000000d5900000, 0x00000000d5a00000, 0x00000000d5a00000|100%| S|CS|TAMS 0x00000000d5900000, 0x00000000d5900000| Complete 
| 346|0x00000000d5a00000, 0x00000000d5b00000, 0x00000000d5b00000|100%| E|CS|TAMS 0x00000000d5a00000, 0x00000000d5a00000| Complete 
| 347|0x00000000d5b00000, 0x00000000d5c00000, 0x00000000d5c00000|100%| E|CS|TAMS 0x00000000d5b00000, 0x00000000d5b00000| Complete 
| 348|0x00000000d5c00000, 0x00000000d5d00000, 0x00000000d5d00000|100%| E|CS|TAMS 0x00000000d5c00000, 0x00000000d5c00000| Complete 
| 349|0x00000000d5d00000, 0x00000000d5e00000, 0x00000000d5e00000|100%| E|CS|TAMS 0x00000000d5d00000, 0x00000000d5d00000| Complete 
| 350|0x00000000d5e00000, 0x00000000d5f00000, 0x00000000d5f00000|100%| E|CS|TAMS 0x00000000d5e00000, 0x00000000d5e00000| Complete 
| 351|0x00000000d5f00000, 0x00000000d6000000, 0x00000000d6000000|100%| E|CS|TAMS 0x00000000d5f00000, 0x00000000d5f00000| Complete 
| 352|0x00000000d6000000, 0x00000000d6100000, 0x00000000d6100000|100%| E|CS|TAMS 0x00000000d6000000, 0x00000000d6000000| Complete 
| 353|0x00000000d6100000, 0x00000000d6200000, 0x00000000d6200000|100%| E|CS|TAMS 0x00000000d6100000, 0x00000000d6100000| Complete 
| 354|0x00000000d6200000, 0x00000000d6300000, 0x00000000d6300000|100%| E|CS|TAMS 0x00000000d6200000, 0x00000000d6200000| Complete 
| 355|0x00000000d6300000, 0x00000000d6400000, 0x00000000d6400000|100%| E|CS|TAMS 0x00000000d6300000, 0x00000000d6300000| Complete 
| 356|0x00000000d6400000, 0x00000000d6500000, 0x00000000d6500000|100%| E|CS|TAMS 0x00000000d6400000, 0x00000000d6400000| Complete 
| 378|0x00000000d7a00000, 0x00000000d7b00000, 0x00000000d7b00000|100%| O|  |TAMS 0x00000000d7b00000, 0x00000000d7a00000| Untracked 
| 395|0x00000000d8b00000, 0x00000000d8c00000, 0x00000000d8c00000|100%| E|CS|TAMS 0x00000000d8b00000, 0x00000000d8b00000| Complete 
| 429|0x00000000dad00000, 0x00000000dae00000, 0x00000000dae00000|100%| E|CS|TAMS 0x00000000dad00000, 0x00000000dad00000| Complete 

Card table byte_map: [0x0000014f55ff0000,0x0000014f561f0000] _byte_map_base: 0x0000014f559f0000

Marking Bits (Prev, Next): (CMBitMap*) 0x0000014f3c7ebb68, (CMBitMap*) 0x0000014f3c7ebba8
 Prev Bits: [0x0000014f563f0000, 0x0000014f573f0000)
 Next Bits: [0x0000014f573f0000, 0x0000014f583f0000)

Polling page: 0x0000014f3c570000

Metaspace:

Usage:
  Non-class:     68.08 MB capacity,    66.21 MB ( 97%) used,     1.71 MB (  3%) free+waste,   161.63 KB ( <1%) overhead. 
      Class:      7.73 MB capacity,     6.56 MB ( 85%) used,     1.10 MB ( 14%) free+waste,    67.00 KB ( <1%) overhead. 
       Both:     75.81 MB capacity,    72.77 MB ( 96%) used,     2.81 MB (  4%) free+waste,   228.63 KB ( <1%) overhead. 

Virtual space:
  Non-class space:       70.00 MB reserved,      68.17 MB ( 97%) committed 
      Class space:        1.00 GB reserved,       7.75 MB ( <1%) committed 
             Both:        1.07 GB reserved,      75.92 MB (  7%) committed 

Chunk freelists:
   Non-Class:  3.75 KB
       Class:  2.88 KB
        Both:  6.63 KB

CodeHeap 'non-profiled nmethods': size=120000Kb used=27029Kb max_used=27029Kb free=92971Kb
 bounds [0x0000014f4de60000, 0x0000014f4f8e0000, 0x0000014f55390000]
CodeHeap 'profiled nmethods': size=120000Kb used=37068Kb max_used=37490Kb free=82931Kb
 bounds [0x0000014f46930000, 0x0000014f48f20000, 0x0000014f4de60000]
CodeHeap 'non-nmethods': size=5760Kb used=1364Kb max_used=1429Kb free=4395Kb
 bounds [0x0000014f46390000, 0x0000014f46600000, 0x0000014f46930000]
 total_blobs=40819 nmethods=16976 adapters=668
 compilation: enabled
              stopped_count=0, restarted_count=0
 full_count=0

Compilation events (10 events):
Event: 48829.336 Thread 0x0000014f5ae71800 nmethod 26700 0x0000014f4f8d5110 code [0x0000014f4f8d52e0, 0x0000014f4f8d5bd8]
Event: 48829.549 Thread 0x0000014f5ae71800 26701       4       org.eclipse.jdt.internal.codeassist.complete.CompletionParser::consumeNestedMethod (25 bytes)
Event: 48829.578 Thread 0x0000014f5ae71800 nmethod 26701 0x0000014f4f8d5f10 code [0x0000014f4f8d6100, 0x0000014f4f8d6fb8]
Event: 48829.578 Thread 0x0000014f5ae71800 26703       4       org.eclipse.lsp4j.Command::<init> (12 bytes)
Event: 48829.581 Thread 0x0000014f5ae71800 nmethod 26703 0x0000014f4f8d7910 code [0x0000014f4f8d7aa0, 0x0000014f4f8d7d78]
Event: 48829.581 Thread 0x0000014f5ae71800 26702       4       org.eclipse.jdt.internal.compiler.ast.Expression::analyseCode (8 bytes)
Event: 48829.582 Thread 0x0000014f5ae71800 nmethod 26702 0x0000014f4f8d7e10 code [0x0000014f4f8d7fc0, 0x0000014f4f8d8088]
Event: 48830.700 Thread 0x0000014f5ae71800 26704       4       org.eclipse.jdt.internal.compiler.codegen.StackMapFrameCodeStream::optimizeBranch (17 bytes)
Event: 48830.702 Thread 0x0000014f5ae71800 nmethod 26704 0x0000014f4f8d8190 code [0x0000014f4f8d8340, 0x0000014f4f8d84a8]
Event: 48831.974 Thread 0x0000014f5ae71800 26705   !   4       org.eclipse.jdt.internal.compiler.ast.TryStatement::generateCode (2188 bytes)

GC Heap History (10 events):
Event: 48784.704 GC heap before
{Heap before GC invocations=1118 (full 0):
 garbage-first heap   total 372736K, used 321759K [0x00000000c0000000, 0x0000000100000000)
  region size 1024K, 211 young (216064K), 2 survivors (2048K)
 Metaspace       used 74475K, capacity 77539K, committed 77744K, reserved 1120256K
  class space    used 6716K, capacity 7909K, committed 7936K, reserved 1048576K
}
Event: 48784.708 GC heap after
{Heap after GC invocations=1119 (full 0):
 garbage-first heap   total 372736K, used 108909K [0x00000000c0000000, 0x0000000100000000)
  region size 1024K, 3 young (3072K), 3 survivors (3072K)
 Metaspace       used 74475K, capacity 77539K, committed 77744K, reserved 1120256K
  class space    used 6716K, capacity 7909K, committed 7936K, reserved 1048576K
}
Event: 48785.388 GC heap before
{Heap before GC invocations=1119 (full 0):
 garbage-first heap   total 372736K, used 123245K [0x00000000c0000000, 0x0000000100000000)
  region size 1024K, 18 young (18432K), 3 survivors (3072K)
 Metaspace       used 74475K, capacity 77539K, committed 77744K, reserved 1120256K
  class space    used 6716K, capacity 7909K, committed 7936K, reserved 1048576K
}
Event: 48785.392 GC heap after
{Heap after GC invocations=1120 (full 0):
 garbage-first heap   total 372736K, used 108198K [0x00000000c0000000, 0x0000000100000000)
  region size 1024K, 2 young (2048K), 2 survivors (2048K)
 Metaspace       used 74475K, capacity 77539K, committed 77744K, reserved 1120256K
  class space    used 6716K, capacity 7909K, committed 7936K, reserved 1048576K
}
Event: 48818.519 GC heap before
{Heap before GC invocations=1120 (full 0):
 garbage-first heap   total 372736K, used 321190K [0x00000000c0000000, 0x0000000100000000)
  region size 1024K, 211 young (216064K), 2 survivors (2048K)
 Metaspace       used 74495K, capacity 77563K, committed 77744K, reserved 1120256K
  class space    used 6718K, capacity 7913K, committed 7936K, reserved 1048576K
}
Event: 48818.524 GC heap after
{Heap after GC invocations=1121 (full 0):
 garbage-first heap   total 372736K, used 107602K [0x00000000c0000000, 0x0000000100000000)
  region size 1024K, 1 young (1024K), 1 survivors (1024K)
 Metaspace       used 74495K, capacity 77563K, committed 77744K, reserved 1120256K
  class space    used 6718K, capacity 7913K, committed 7936K, reserved 1048576K
}
Event: 48828.267 GC heap before
{Heap before GC invocations=1122 (full 0):
 garbage-first heap   total 368640K, used 330834K [0x00000000c0000000, 0x0000000100000000)
  region size 1024K, 214 young (219136K), 1 survivors (1024K)
 Metaspace       used 74504K, capacity 77563K, committed 77744K, reserved 1120256K
  class space    used 6718K, capacity 7913K, committed 7936K, reserved 1048576K
}
Event: 48828.273 GC heap after
{Heap after GC invocations=1123 (full 0):
 garbage-first heap   total 368640K, used 111412K [0x00000000c0000000, 0x0000000100000000)
  region size 1024K, 5 young (5120K), 5 survivors (5120K)
 Metaspace       used 74504K, capacity 77563K, committed 77744K, reserved 1120256K
  class space    used 6718K, capacity 7913K, committed 7936K, reserved 1048576K
}
Event: 48829.302 GC heap before
{Heap before GC invocations=1123 (full 0):
 garbage-first heap   total 368640K, used 123700K [0x00000000c0000000, 0x0000000100000000)
  region size 1024K, 18 young (18432K), 5 survivors (5120K)
 Metaspace       used 74520K, capacity 77627K, committed 77744K, reserved 1120256K
  class space    used 6718K, capacity 7913K, committed 7936K, reserved 1048576K
}
Event: 48829.309 GC heap after
{Heap after GC invocations=1124 (full 0):
 garbage-first heap   total 368640K, used 110397K [0x00000000c0000000, 0x0000000100000000)
  region size 1024K, 1 young (1024K), 1 survivors (1024K)
 Metaspace       used 74520K, capacity 77627K, committed 77744K, reserved 1120256K
  class space    used 6718K, capacity 7913K, committed 7936K, reserved 1048576K
}

Deoptimization events (10 events):
Event: 48653.456 Thread 0x0000014f6a042000 Uncommon trap: reason=class_check action=maybe_recompile pc=0x0000014f4f627d48 method=org.eclipse.jdt.internal.compiler.ast.CompoundAssignment.resolveType(Lorg/eclipse/jdt/internal/compiler/lookup/BlockScope;)Lorg/eclipse/jdt/internal/compiler/lookup/Type
Event: 48653.459 Thread 0x0000014f6a042000 Uncommon trap: reason=unstable_if action=reinterpret pc=0x0000014f4f7b3300 method=org.eclipse.jdt.core.dom.ASTConverter.convert(Lorg/eclipse/jdt/internal/compiler/ast/Expression;)Lorg/eclipse/jdt/core/dom/Expression; @ 149 c2
Event: 48654.501 Thread 0x0000014f6a03e000 Uncommon trap: reason=class_check action=maybe_recompile pc=0x0000014f4f627d48 method=org.eclipse.jdt.internal.compiler.ast.CompoundAssignment.resolveType(Lorg/eclipse/jdt/internal/compiler/lookup/BlockScope;)Lorg/eclipse/jdt/internal/compiler/lookup/Type
Event: 48666.236 Thread 0x0000014f6a045800 Uncommon trap: reason=unstable_if action=reinterpret pc=0x0000014f4f7d29c0 method=org.eclipse.jdt.internal.codeassist.complete.CompletionScanner.getNextToken0()I @ 837 c2
Event: 48670.291 Thread 0x0000014f6ef08000 Uncommon trap: reason=unstable_if action=reinterpret pc=0x0000014f4ebe689c method=org.eclipse.jdt.internal.compiler.ast.CompoundAssignment.analyseCode(Lorg/eclipse/jdt/internal/compiler/lookup/BlockScope;Lorg/eclipse/jdt/internal/compiler/flow/FlowContext
Event: 48670.291 Thread 0x0000014f6ef08000 Uncommon trap: reason=bimorphic_or_optimized_type_check action=maybe_recompile pc=0x0000014f4f3cc604 method=org.eclipse.jdt.internal.compiler.ast.BinaryExpression.analyseCode(Lorg/eclipse/jdt/internal/compiler/lookup/BlockScope;Lorg/eclipse/jdt/internal/c
Event: 48670.380 Thread 0x0000014f6a042000 Uncommon trap: reason=bimorphic_or_optimized_type_check action=maybe_recompile pc=0x0000014f4f3cc604 method=org.eclipse.jdt.internal.compiler.ast.BinaryExpression.analyseCode(Lorg/eclipse/jdt/internal/compiler/lookup/BlockScope;Lorg/eclipse/jdt/internal/c
Event: 48695.458 Thread 0x0000014f6a03e000 Uncommon trap: reason=bimorphic_or_optimized_type_check action=maybe_recompile pc=0x0000014f4ea413d0 method=org.eclipse.jdt.internal.compiler.lookup.MethodBinding.canBeSeenBy(Lorg/eclipse/jdt/internal/compiler/lookup/TypeBinding;Lorg/eclipse/jdt/internal/
Event: 48750.844 Thread 0x0000014f6a03d000 Uncommon trap: reason=unstable_if action=reinterpret pc=0x0000014f4f3ebc40 method=org.eclipse.jdt.internal.compiler.problem.ProblemReporter.unresolvableReference(Lorg/eclipse/jdt/internal/compiler/ast/NameReference;Lorg/eclipse/jdt/internal/compiler/looku
Event: 48753.450 Thread 0x0000014f6a03e000 Uncommon trap: reason=unstable_if action=reinterpret pc=0x0000014f4ea9d284 method=org.eclipse.jdt.core.dom.AST.postAddChildEvent(Lorg/eclipse/jdt/core/dom/ASTNode;Lorg/eclipse/jdt/core/dom/ASTNode;Lorg/eclipse/jdt/core/dom/StructuralPropertyDescriptor;)V 

Classes redefined (0 events):
No events

Internal exceptions (10 events):
Event: 48673.223 Thread 0x0000014f6a03e000 Exception <a 'java/lang/ArrayIndexOutOfBoundsException'{0x00000000d1edde08}> (0x00000000d1edde08) thrown at [t:/workspace/open/src/hotspot/share/runtime/sharedRuntime.cpp, line 585]
Event: 48673.225 Thread 0x0000014f6a03e000 Exception <a 'java/lang/ArrayIndexOutOfBoundsException'{0x00000000d02c5e18}> (0x00000000d02c5e18) thrown at [t:/workspace/open/src/hotspot/share/runtime/sharedRuntime.cpp, line 585]
Event: 48673.225 Thread 0x0000014f6a03e000 Exception <a 'java/lang/ArrayIndexOutOfBoundsException'{0x00000000d02c7450}> (0x00000000d02c7450) thrown at [t:/workspace/open/src/hotspot/share/runtime/sharedRuntime.cpp, line 585]
Event: 48673.225 Thread 0x0000014f6a03e000 Exception <a 'java/lang/ArrayIndexOutOfBoundsException'{0x00000000d02c7a18}> (0x00000000d02c7a18) thrown at [t:/workspace/open/src/hotspot/share/runtime/sharedRuntime.cpp, line 585]
Event: 48675.462 Thread 0x0000014f6a040800 Exception <a 'java/lang/ArrayIndexOutOfBoundsException'{0x00000000cb8ba3d0}> (0x00000000cb8ba3d0) thrown at [t:/workspace/open/src/hotspot/share/runtime/sharedRuntime.cpp, line 585]
Event: 48675.464 Thread 0x0000014f6a040800 Exception <a 'java/lang/ArrayIndexOutOfBoundsException'{0x00000000cb7a2c68}> (0x00000000cb7a2c68) thrown at [t:/workspace/open/src/hotspot/share/runtime/sharedRuntime.cpp, line 585]
Event: 48675.464 Thread 0x0000014f6a040800 Exception <a 'java/lang/ArrayIndexOutOfBoundsException'{0x00000000cb7a42a0}> (0x00000000cb7a42a0) thrown at [t:/workspace/open/src/hotspot/share/runtime/sharedRuntime.cpp, line 585]
Event: 48675.464 Thread 0x0000014f6a040800 Exception <a 'java/lang/ArrayIndexOutOfBoundsException'{0x00000000cb7a4868}> (0x00000000cb7a4868) thrown at [t:/workspace/open/src/hotspot/share/runtime/sharedRuntime.cpp, line 585]
Event: 48693.777 Thread 0x0000014f6a03d000 Exception <a 'java/lang/ArrayIndexOutOfBoundsException'{0x00000000d0dfca80}> (0x00000000d0dfca80) thrown at [t:/workspace/open/src/hotspot/share/runtime/sharedRuntime.cpp, line 585]
Event: 48693.779 Thread 0x0000014f6a03d000 Exception <a 'java/lang/ArrayIndexOutOfBoundsException'{0x00000000d0bea4b8}> (0x00000000d0bea4b8) thrown at [t:/workspace/open/src/hotspot/share/runtime/sharedRuntime.cpp, line 585]

Events (10 events):
Event: 48828.267 Executing VM operation: G1CollectForAllocation
Event: 48828.273 Executing VM operation: G1CollectForAllocation done
Event: 48829.302 Executing VM operation: G1CollectForAllocation
Event: 48829.309 Executing VM operation: G1CollectForAllocation done
Event: 48829.996 Executing VM operation: RevokeBias
Event: 48829.997 Executing VM operation: RevokeBias done
Event: 48830.694 Executing VM operation: RevokeBias
Event: 48830.694 Executing VM operation: RevokeBias done
Event: 48831.145 Thread 0x0000014f6a048000 Thread added: 0x0000014f6a048000
Event: 48832.203 Thread 0x0000014f6a04a800 Thread added: 0x0000014f6a04a800


Dynamic libraries:
0x00007ff6959d0000 - 0x00007ff6959df000 	C:\Program Files\Java\jdk-12.0.1\bin\java.exe
0x00007fff11460000 - 0x00007fff11641000 	C:\WINDOWS\SYSTEM32\ntdll.dll
0x00007fff10f20000 - 0x00007fff10fd1000 	C:\WINDOWS\System32\KERNEL32.DLL
0x00007fff0e650000 - 0x00007fff0e8c3000 	C:\WINDOWS\System32\KERNELBASE.dll
0x00007fff0dbc0000 - 0x00007fff0dcb8000 	C:\WINDOWS\System32\ucrtbase.dll
0x00007ffeeebc0000 - 0x00007ffeeebd8000 	C:\Program Files\Java\jdk-12.0.1\bin\jli.dll
0x00007ffeedad0000 - 0x00007ffeedae6000 	C:\Program Files\Java\jdk-12.0.1\bin\VCRUNTIME140.dll
0x00007fff0ef70000 - 0x00007fff0f011000 	C:\WINDOWS\System32\ADVAPI32.dll
0x00007fff11060000 - 0x00007fff110fe000 	C:\WINDOWS\System32\msvcrt.dll
0x00007fff0ec00000 - 0x00007fff0ec5b000 	C:\WINDOWS\System32\sechost.dll
0x00007fff10460000 - 0x00007fff10584000 	C:\WINDOWS\System32\RPCRT4.dll
0x00007fff0ece0000 - 0x00007fff0ee70000 	C:\WINDOWS\System32\USER32.dll
0x00007fff0e8d0000 - 0x00007fff0e8f0000 	C:\WINDOWS\System32\win32u.dll
0x00007ffef5ad0000 - 0x00007ffef5d39000 	C:\WINDOWS\WinSxS\amd64_microsoft.windows.common-controls_6595b64144ccf1df_6.0.17134.829_none_fb46a5473061b9d5\COMCTL32.dll
0x00007fff10660000 - 0x00007fff10688000 	C:\WINDOWS\System32\GDI32.dll
0x00007fff11100000 - 0x00007fff11422000 	C:\WINDOWS\System32\combase.dll
0x00007fff0e430000 - 0x00007fff0e5c1000 	C:\WINDOWS\System32\gdi32full.dll
0x00007fff0db20000 - 0x00007fff0dbbf000 	C:\WINDOWS\System32\msvcp_win.dll
0x00007fff0e5d0000 - 0x00007fff0e64a000 	C:\WINDOWS\System32\bcryptPrimitives.dll
0x00007fff07400000 - 0x00007fff0740a000 	C:\WINDOWS\SYSTEM32\VERSION.dll
0x00007fff0ea70000 - 0x00007fff0ea9d000 	C:\WINDOWS\System32\IMM32.DLL
0x00007ffedfa90000 - 0x00007ffedfb3a000 	C:\Program Files\Java\jdk-12.0.1\bin\msvcp140.dll
0x00007ffeb3a10000 - 0x00007ffeb4584000 	C:\Program Files\Java\jdk-12.0.1\bin\server\jvm.dll
0x00007fff10ac0000 - 0x00007fff10ac8000 	C:\WINDOWS\System32\PSAPI.DLL
0x00007fff066d0000 - 0x00007fff066d9000 	C:\WINDOWS\SYSTEM32\WSOCK32.dll
0x00007fff09120000 - 0x00007fff09143000 	C:\WINDOWS\SYSTEM32\WINMM.dll
0x00007fff10690000 - 0x00007fff106fc000 	C:\WINDOWS\System32\WS2_32.dll
0x00007fff090f0000 - 0x00007fff0911a000 	C:\WINDOWS\SYSTEM32\WINMMBASE.dll
0x00007fff0dad0000 - 0x00007fff0db19000 	C:\WINDOWS\System32\cfgmgr32.dll
0x00007fff0d770000 - 0x00007fff0d781000 	C:\WINDOWS\System32\kernel.appcore.dll
0x00007ffeed1d0000 - 0x00007ffeed1e1000 	C:\Program Files\Java\jdk-12.0.1\bin\verify.dll
0x00007ffef2550000 - 0x00007ffef2719000 	C:\WINDOWS\SYSTEM32\DBGHELP.DLL
0x00007ffef4080000 - 0x00007ffef40a9000 	C:\WINDOWS\SYSTEM32\dbgcore.DLL
0x00007ffeeaab0000 - 0x00007ffeeaad6000 	C:\Program Files\Java\jdk-12.0.1\bin\java.dll
0x00007ffeea9d0000 - 0x00007ffeea9e7000 	C:\Program Files\Java\jdk-12.0.1\bin\zip.dll
0x00007fff06660000 - 0x00007fff0666a000 	C:\Program Files\Java\jdk-12.0.1\bin\jimage.dll
0x00007fff0f020000 - 0x00007fff10460000 	C:\WINDOWS\System32\SHELL32.dll
0x00007fff0e960000 - 0x00007fff0ea09000 	C:\WINDOWS\System32\shcore.dll
0x00007fff0dcc0000 - 0x00007fff0e3cd000 	C:\WINDOWS\System32\windows.storage.dll
0x00007fff11000000 - 0x00007fff11051000 	C:\WINDOWS\System32\shlwapi.dll
0x00007fff0d790000 - 0x00007fff0d7af000 	C:\WINDOWS\System32\profapi.dll
0x00007fff0d7e0000 - 0x00007fff0d82c000 	C:\WINDOWS\System32\powrprof.dll
0x00007fff0d7b0000 - 0x00007fff0d7ba000 	C:\WINDOWS\System32\FLTLIB.DLL
0x00007ffeea8a0000 - 0x00007ffeea8b9000 	C:\Program Files\Java\jdk-12.0.1\bin\net.dll
0x00007fff096f0000 - 0x00007fff097cd000 	C:\WINDOWS\SYSTEM32\WINHTTP.dll
0x00007fff03c30000 - 0x00007fff03df9000 	C:\WINDOWS\SYSTEM32\urlmon.dll
0x00007fff00090000 - 0x00007fff00336000 	C:\WINDOWS\SYSTEM32\iertutil.dll
0x00007fff0d1c0000 - 0x00007fff0d1cb000 	C:\WINDOWS\SYSTEM32\CRYPTBASE.DLL
0x00007fff0cff0000 - 0x00007fff0d056000 	C:\WINDOWS\system32\mswsock.dll
0x00007ffeea7f0000 - 0x00007ffeea803000 	C:\Program Files\Java\jdk-12.0.1\bin\nio.dll
0x00007fff0d1a0000 - 0x00007fff0d1b7000 	C:\WINDOWS\SYSTEM32\CRYPTSP.dll
0x00007fff0cb80000 - 0x00007fff0cbb3000 	C:\WINDOWS\system32\rsaenh.dll
0x00007fff0d2d0000 - 0x00007fff0d2f5000 	C:\WINDOWS\SYSTEM32\bcrypt.dll
0x00007fff0d670000 - 0x00007fff0d698000 	C:\WINDOWS\SYSTEM32\USERENV.dll
0x00007fff0cd20000 - 0x00007fff0cd58000 	C:\WINDOWS\SYSTEM32\IPHLPAPI.DLL
0x00007fff0ee70000 - 0x00007fff0ee78000 	C:\WINDOWS\System32\NSI.dll
0x00007fff073e0000 - 0x00007fff073f6000 	C:\WINDOWS\SYSTEM32\dhcpcsvc6.DLL
0x00007fff07390000 - 0x00007fff073aa000 	C:\WINDOWS\SYSTEM32\dhcpcsvc.DLL
0x00007ffee6380000 - 0x00007ffee63a9000 	C:\Users\David\.vscode\extensions\redhat.java-0.46.0\server\config_win\org.eclipse.equinox.launcher\org.eclipse.equinox.launcher.win32.win32.x86_64_1.1.1000.v20190125-2016\eclipse_1801.dll
0x00007ffef1550000 - 0x00007ffef1561000 	C:\Users\David\.vscode\extensions\redhat.java-0.46.0\server\config_win\org.eclipse.osgi\20\0\.cp\jWinHttp-1.0.0.dll
0x00007fff0eaa0000 - 0x00007fff0ebf1000 	C:\WINDOWS\System32\ole32.dll
0x00007ffecfb90000 - 0x00007ffecfba6000 	C:\WINDOWS\system32\napinsp.dll
0x00007ffecfb70000 - 0x00007ffecfb8a000 	C:\WINDOWS\system32\pnrpnsp.dll
0x00007fff0b650000 - 0x00007fff0b669000 	C:\WINDOWS\system32\NLAapi.dll
0x00007fff0cd60000 - 0x00007fff0ce1e000 	C:\WINDOWS\SYSTEM32\DNSAPI.dll
0x00007ffecfb60000 - 0x00007ffecfb6e000 	C:\WINDOWS\System32\winrnr.dll
0x00007fff022d0000 - 0x00007fff022e5000 	C:\WINDOWS\System32\wshbth.dll
0x00007fff038a0000 - 0x00007fff038aa000 	C:\Windows\System32\rasadhlp.dll
0x00007fff04260000 - 0x00007fff042d2000 	C:\WINDOWS\System32\fwpuclnt.dll
0x00007fff0a4f0000 - 0x00007fff0a4fe000 	C:\Program Files\Java\jdk-12.0.1\bin\sunmscapi.dll
0x00007fff0d8e0000 - 0x00007fff0dac2000 	C:\WINDOWS\System32\CRYPT32.dll
0x00007fff0d7c0000 - 0x00007fff0d7d2000 	C:\WINDOWS\System32\MSASN1.dll
0x00007fff0d2a0000 - 0x00007fff0d2c6000 	C:\WINDOWS\SYSTEM32\ncrypt.dll
0x00007fff0d260000 - 0x00007fff0d296000 	C:\WINDOWS\SYSTEM32\NTASN1.dll
0x00007ffee6350000 - 0x00007ffee6377000 	C:\Program Files\Java\jdk-12.0.1\bin\sunec.dll

dbghelp: loaded successfully - version: 4.0.5 - missing functions: none
symbol engine: initialized successfully - sym options: 0x614 - pdb path: .;C:\Program Files\Java\jdk-12.0.1\bin;C:\WINDOWS\SYSTEM32;C:\WINDOWS\WinSxS\amd64_microsoft.windows.common-controls_6595b64144ccf1df_6.0.17134.829_none_fb46a5473061b9d5;C:\Program Files\Java\jdk-12.0.1\bin\server;C:\Users\David\.vscode\extensions\redhat.java-0.46.0\server\config_win\org.eclipse.equinox.launcher\org.eclipse.equinox.launcher.win32.win32.x86_64_1.1.1000.v20190125-2016;C:\Users\David\.vscode\extensions\redhat.java-0.46.0\server\config_win\org.eclipse.osgi\20\0\.cp

VM Arguments:
jvm_args: --add-modules=ALL-SYSTEM --add-opens=java.base/java.util=ALL-UNNAMED --add-opens=java.base/java.lang=ALL-UNNAMED -Declipse.application=org.eclipse.jdt.ls.core.id1 -Dosgi.bundles.defaultStartLevel=4 -Declipse.product=org.eclipse.jdt.ls.core.product -Dfile.encoding=utf8 -DwatchParentProcess=false -Xverify:none -Xmx1G -XX:+UseG1GC -XX:+UseStringDeduplication 
java_command: C:\Users\David\.vscode\extensions\redhat.java-0.46.0\server\plugins\org.eclipse.equinox.launcher_1.5.400.v20190515-0925.jar -configuration C:\Users\David\.vscode\extensions\redhat.java-0.46.0\server\config_win -data c:\Users\David\AppData\Roaming\Code\User\workspaceStorage\2fc82be198049699589b7629caac3acd\redhat.java\jdt_ws
java_class_path (initial): C:\Users\David\.vscode\extensions\redhat.java-0.46.0\server\plugins\org.eclipse.equinox.launcher_1.5.400.v20190515-0925.jar
Launcher Type: SUN_STANDARD

[Global flags]
     bool BytecodeVerificationLocal                = false                                     {product} {command line}
     bool BytecodeVerificationRemote               = false                                     {product} {command line}
     intx CICompilerCount                          = 4                                         {product} {ergonomic}
     uint ConcGCThreads                            = 2                                         {product} {ergonomic}
     uint G1ConcRefinementThreads                  = 8                                         {product} {ergonomic}
   size_t G1HeapRegionSize                         = 1048576                                   {product} {ergonomic}
    uintx GCDrainStackTargetSize                   = 64                                        {product} {ergonomic}
   size_t InitialHeapSize                          = 134217728                                 {product} {ergonomic}
   size_t MarkStackSize                            = 4194304                                   {product} {ergonomic}
   size_t MaxHeapSize                              = 1073741824                                {product} {command line}
   size_t MaxNewSize                               = 643825664                                 {product} {ergonomic}
   size_t MinHeapDeltaBytes                        = 1048576                                   {product} {ergonomic}
    uintx NonNMethodCodeHeapSize                   = 5836300                                {pd product} {ergonomic}
    uintx NonProfiledCodeHeapSize                  = 122910970                              {pd product} {ergonomic}
    uintx ProfiledCodeHeapSize                     = 122910970                              {pd product} {ergonomic}
    uintx ReservedCodeCacheSize                    = 251658240                              {pd product} {ergonomic}
     bool SegmentedCodeCache                       = true                                      {product} {ergonomic}
     bool UseCompressedClassPointers               = true                                 {lp64_product} {ergonomic}
     bool UseCompressedOops                        = true                                 {lp64_product} {ergonomic}
     bool UseG1GC                                  = true                                      {product} {command line}
     bool UseLargePagesIndividualAllocation        = false                                  {pd product} {ergonomic}
     bool UseStringDeduplication                   = true                                      {product} {command line}

Logging:
Log output configuration:
 #0: stdout all=warning uptime,level,tags
 #1: stderr all=off uptime,level,tags

Environment Variables:
PATH=C:\Program Files (x86)\Microsoft Visual Studio\Shared\Python37_64\Scripts\;C:\Program Files (x86)\Microsoft Visual Studio\Shared\Python37_64\;C:\Program Files (x86)\NVIDIA Corporation\PhysX\Common;C:\WINDOWS\system32;C:\WINDOWS;C:\WINDOWS\System32\Wbem;C:\WINDOWS\System32\WindowsPowerShell\v1.0\;C:\Program Files (x86)\AMD\ATI.ACE\Core-Static;C:\Program Files (x86)\ATI Technologies\ATI.ACE\Core-Static;C:\Program Files (x86)\Skype\Phone\;C:\Program Files (x86)\Calibre2\;C:\WINDOWS\System32\OpenSSH\;C:\Program Files\Microsoft SQL Server\Client SDK\ODBC\110\Tools\Binn\;C:\Program Files (x86)\Microsoft SQL Server\120\Tools\Binn\;C:\Program Files\Microsoft SQL Server\120\Tools\Binn\;C:\Program Files\Microsoft SQL Server\120\DTS\Binn\;C:\Program Files (x86)\Windows Kits\8.1\Windows Performance Toolkit\;C:\Program Files\dotnet\;C:\Program Files\Microsoft SQL Server\130\Tools\Binn\;C:\Program Files\Microsoft SQL Server\Client SDK\ODBC\170\Tools\Binn\;C:\Users\David\Miniconda3;C:\Users\David\Miniconda3\Library\mingw-w64\bin;C:\Users\David\Miniconda3\Library\usr\bin;C:\Users\David\Miniconda3\Library\bin;C:\Users\David\Miniconda3\Scripts;C:\Ruby26-x64\bin;C:\Users\David\AppData\Local\Microsoft\WindowsApps;C:\Users\David\AppData\Local\Programs\Microsoft VS Code\bin;C:\Program Files\JetBrains\IntelliJ IDEA Community Edition 2019.1.3\bin;;C:\Program Files\Java\jdk-12.0.1\bin;C:\Users\David\AppData\Roaming\Python\Python37\Scripts;
USERNAME=David
OS=Windows_NT
PROCESSOR_IDENTIFIER=AMD64 Family 21 Model 2 Stepping 0, AuthenticAMD



---------------  S Y S T E M  ---------------

OS: Windows 10 , 64 bit Build 17134 (10.0.17134.753)

CPU:total 8 (initial active 8) (8 cores per cpu, 1 threads per core) family 21 model 2 stepping 0, cmov, cx8, fxsr, mmx, sse, sse2, sse3, ssse3, sse4.1, sse4.2, popcnt, avx, aes, clmul, mmxext, 3dnowpref, lzcnt, sse4a, tsc, tscinvbit, tscinv, bmi1, fma

Memory: 4k page, system-wide physical 8173M (1664M free)
TotalPageFile size 12781M (AvailPageFile size 2029M)
current process WorkingSet (physical memory assigned to process): 797M, peak: 834M
current process commit charge ("private bytes"): 696M, peak: 738M

vm_info: Java HotSpot(TM) 64-Bit Server VM (12.0.1+12) for windows-amd64 JRE (12.0.1+12), built on Apr  2 2019 14:02:19 by "mach5one" with MS VC++ 15.5 (VS2017)

END.
